/home/st5dronelab/Desktop/EI_drone/install/low_level_control/lib/python3.10/site-packages/low_level_control/twist2pic.py
/home/st5dronelab/Desktop/EI_drone/install/low_level_control/lib/python3.10/site-packages/low_level_control/PID.py
/home/st5dronelab/Desktop/EI_drone/install/low_level_control/lib/python3.10/site-packages/low_level_control/speed_controller.py
/home/st5dronelab/Desktop/EI_drone/install/low_level_control/lib/python3.10/site-packages/low_level_control/__init__.py
/home/st5dronelab/Desktop/EI_drone/install/low_level_control/lib/python3.10/site-packages/low_level_control/__pycache__/twist2pic.cpython-310.pyc
/home/st5dronelab/Desktop/EI_drone/install/low_level_control/lib/python3.10/site-packages/low_level_control/__pycache__/PID.cpython-310.pyc
/home/st5dronelab/Desktop/EI_drone/install/low_level_control/lib/python3.10/site-packages/low_level_control/__pycache__/speed_controller.cpython-310.pyc
/home/st5dronelab/Desktop/EI_drone/install/low_level_control/lib/python3.10/site-packages/low_level_control/__pycache__/__init__.cpython-310.pyc
/home/st5dronelab/Desktop/EI_drone/install/low_level_control/share/ament_index/resource_index/packages/low_level_control
/home/st5dronelab/Desktop/EI_drone/install/low_level_control/share/low_level_control/package.xml
/home/st5dronelab/Desktop/EI_drone/install/low_level_control/share/low_level_control/launch/launch1.xml
/home/st5dronelab/Desktop/EI_drone/install/low_level_control/lib/python3.10/site-packages/low_level_control-0.0.0-py3.10.egg-info/entry_points.txt
/home/st5dronelab/Desktop/EI_drone/install/low_level_control/lib/python3.10/site-packages/low_level_control-0.0.0-py3.10.egg-info/dependency_links.txt
/home/st5dronelab/Desktop/EI_drone/install/low_level_control/lib/python3.10/site-packages/low_level_control-0.0.0-py3.10.egg-info/PKG-INFO
/home/st5dronelab/Desktop/EI_drone/install/low_level_control/lib/python3.10/site-packages/low_level_control-0.0.0-py3.10.egg-info/zip-safe
/home/st5dronelab/Desktop/EI_drone/install/low_level_control/lib/python3.10/site-packages/low_level_control-0.0.0-py3.10.egg-info/requires.txt
/home/st5dronelab/Desktop/EI_drone/install/low_level_control/lib/python3.10/site-packages/low_level_control-0.0.0-py3.10.egg-info/top_level.txt
/home/st5dronelab/Desktop/EI_drone/install/low_level_control/lib/python3.10/site-packages/low_level_control-0.0.0-py3.10.egg-info/SOURCES.txt
/home/st5dronelab/Desktop/EI_drone/install/low_level_control/lib/low_level_control/joy_teleop
/home/st5dronelab/Desktop/EI_drone/install/low_level_control/lib/low_level_control/speed_controller
/home/st5dronelab/Desktop/EI_drone/install/low_level_control/lib/low_level_control/twist2pic
