/home/st5dronelab/Desktop/EI_drone/install/behavior/lib/python3.10/site-packages/behavior/Command_float_setter.py
/home/st5dronelab/Desktop/EI_drone/install/behavior/lib/python3.10/site-packages/behavior/AlignCorridor.py
/home/st5dronelab/Desktop/EI_drone/install/behavior/lib/python3.10/site-packages/behavior/status_viewer.py
/home/st5dronelab/Desktop/EI_drone/install/behavior/lib/python3.10/site-packages/behavior/command.py
/home/st5dronelab/Desktop/EI_drone/install/behavior/lib/python3.10/site-packages/behavior/MoveForwardVp.py
/home/st5dronelab/Desktop/EI_drone/install/behavior/lib/python3.10/site-packages/behavior/joy_teleop.py
/home/st5dronelab/Desktop/EI_drone/install/behavior/lib/python3.10/site-packages/behavior/float_setter.py
/home/st5dronelab/Desktop/EI_drone/install/behavior/lib/python3.10/site-packages/behavior/fake_hover.py
/home/st5dronelab/Desktop/EI_drone/install/behavior/lib/python3.10/site-packages/behavior/Hover.py
/home/st5dronelab/Desktop/EI_drone/install/behavior/lib/python3.10/site-packages/behavior/TakeOff.py
/home/st5dronelab/Desktop/EI_drone/install/behavior/lib/python3.10/site-packages/behavior/fake_forward.py
/home/st5dronelab/Desktop/EI_drone/install/behavior/lib/python3.10/site-packages/behavior/CenterCorridor.py
/home/st5dronelab/Desktop/EI_drone/install/behavior/lib/python3.10/site-packages/behavior/auto_off.py
/home/st5dronelab/Desktop/EI_drone/install/behavior/lib/python3.10/site-packages/behavior/basic_behavior.py
/home/st5dronelab/Desktop/EI_drone/install/behavior/lib/python3.10/site-packages/behavior/Land.py
/home/st5dronelab/Desktop/EI_drone/install/behavior/lib/python3.10/site-packages/behavior/__init__.py
/home/st5dronelab/Desktop/EI_drone/install/behavior/lib/python3.10/site-packages/behavior/__pycache__/Command_float_setter.cpython-310.pyc
/home/st5dronelab/Desktop/EI_drone/install/behavior/lib/python3.10/site-packages/behavior/__pycache__/AlignCorridor.cpython-310.pyc
/home/st5dronelab/Desktop/EI_drone/install/behavior/lib/python3.10/site-packages/behavior/__pycache__/status_viewer.cpython-310.pyc
/home/st5dronelab/Desktop/EI_drone/install/behavior/lib/python3.10/site-packages/behavior/__pycache__/command.cpython-310.pyc
/home/st5dronelab/Desktop/EI_drone/install/behavior/lib/python3.10/site-packages/behavior/__pycache__/MoveForwardVp.cpython-310.pyc
/home/st5dronelab/Desktop/EI_drone/install/behavior/lib/python3.10/site-packages/behavior/__pycache__/joy_teleop.cpython-310.pyc
/home/st5dronelab/Desktop/EI_drone/install/behavior/lib/python3.10/site-packages/behavior/__pycache__/float_setter.cpython-310.pyc
/home/st5dronelab/Desktop/EI_drone/install/behavior/lib/python3.10/site-packages/behavior/__pycache__/fake_hover.cpython-310.pyc
/home/st5dronelab/Desktop/EI_drone/install/behavior/lib/python3.10/site-packages/behavior/__pycache__/Hover.cpython-310.pyc
/home/st5dronelab/Desktop/EI_drone/install/behavior/lib/python3.10/site-packages/behavior/__pycache__/TakeOff.cpython-310.pyc
/home/st5dronelab/Desktop/EI_drone/install/behavior/lib/python3.10/site-packages/behavior/__pycache__/fake_forward.cpython-310.pyc
/home/st5dronelab/Desktop/EI_drone/install/behavior/lib/python3.10/site-packages/behavior/__pycache__/CenterCorridor.cpython-310.pyc
/home/st5dronelab/Desktop/EI_drone/install/behavior/lib/python3.10/site-packages/behavior/__pycache__/auto_off.cpython-310.pyc
/home/st5dronelab/Desktop/EI_drone/install/behavior/lib/python3.10/site-packages/behavior/__pycache__/basic_behavior.cpython-310.pyc
/home/st5dronelab/Desktop/EI_drone/install/behavior/lib/python3.10/site-packages/behavior/__pycache__/Land.cpython-310.pyc
/home/st5dronelab/Desktop/EI_drone/install/behavior/lib/python3.10/site-packages/behavior/__pycache__/__init__.cpython-310.pyc
/home/st5dronelab/Desktop/EI_drone/install/behavior/share/ament_index/resource_index/packages/behavior
/home/st5dronelab/Desktop/EI_drone/install/behavior/share/behavior/package.xml
/home/st5dronelab/Desktop/EI_drone/install/behavior/share/behavior/launch/behavior_launch.xml
/home/st5dronelab/Desktop/EI_drone/install/behavior/lib/python3.10/site-packages/behavior-0.0.0-py3.10.egg-info/entry_points.txt
/home/st5dronelab/Desktop/EI_drone/install/behavior/lib/python3.10/site-packages/behavior-0.0.0-py3.10.egg-info/dependency_links.txt
/home/st5dronelab/Desktop/EI_drone/install/behavior/lib/python3.10/site-packages/behavior-0.0.0-py3.10.egg-info/PKG-INFO
/home/st5dronelab/Desktop/EI_drone/install/behavior/lib/python3.10/site-packages/behavior-0.0.0-py3.10.egg-info/zip-safe
/home/st5dronelab/Desktop/EI_drone/install/behavior/lib/python3.10/site-packages/behavior-0.0.0-py3.10.egg-info/requires.txt
/home/st5dronelab/Desktop/EI_drone/install/behavior/lib/python3.10/site-packages/behavior-0.0.0-py3.10.egg-info/top_level.txt
/home/st5dronelab/Desktop/EI_drone/install/behavior/lib/python3.10/site-packages/behavior-0.0.0-py3.10.egg-info/SOURCES.txt
/home/st5dronelab/Desktop/EI_drone/install/behavior/lib/behavior/Hover
/home/st5dronelab/Desktop/EI_drone/install/behavior/lib/behavior/Land
/home/st5dronelab/Desktop/EI_drone/install/behavior/lib/behavior/MoveBackward
/home/st5dronelab/Desktop/EI_drone/install/behavior/lib/behavior/MoveDown
/home/st5dronelab/Desktop/EI_drone/install/behavior/lib/behavior/MoveForward
/home/st5dronelab/Desktop/EI_drone/install/behavior/lib/behavior/MoveLeft
/home/st5dronelab/Desktop/EI_drone/install/behavior/lib/behavior/MoveRight
/home/st5dronelab/Desktop/EI_drone/install/behavior/lib/behavior/MoveUp
/home/st5dronelab/Desktop/EI_drone/install/behavior/lib/behavior/TakeOff
/home/st5dronelab/Desktop/EI_drone/install/behavior/lib/behavior/TurnLeft
/home/st5dronelab/Desktop/EI_drone/install/behavior/lib/behavior/TurnRight
/home/st5dronelab/Desktop/EI_drone/install/behavior/lib/behavior/command
/home/st5dronelab/Desktop/EI_drone/install/behavior/lib/behavior/fake_forward
/home/st5dronelab/Desktop/EI_drone/install/behavior/lib/behavior/fake_hover
/home/st5dronelab/Desktop/EI_drone/install/behavior/lib/behavior/joy_teleop
/home/st5dronelab/Desktop/EI_drone/install/behavior/lib/behavior/status_viewer
