/home/st5dronelab/Desktop/EI_drone/install/visual_processing/lib/python3.10/site-packages/visual_processing/republish.py
/home/st5dronelab/Desktop/EI_drone/install/visual_processing/lib/python3.10/site-packages/visual_processing/my_line_library.py
/home/st5dronelab/Desktop/EI_drone/install/visual_processing/lib/python3.10/site-packages/visual_processing/vp_node.py
/home/st5dronelab/Desktop/EI_drone/install/visual_processing/lib/python3.10/site-packages/visual_processing/__init__.py
/home/st5dronelab/Desktop/EI_drone/install/visual_processing/lib/python3.10/site-packages/visual_processing/__pycache__/republish.cpython-310.pyc
/home/st5dronelab/Desktop/EI_drone/install/visual_processing/lib/python3.10/site-packages/visual_processing/__pycache__/my_line_library.cpython-310.pyc
/home/st5dronelab/Desktop/EI_drone/install/visual_processing/lib/python3.10/site-packages/visual_processing/__pycache__/vp_node.cpython-310.pyc
/home/st5dronelab/Desktop/EI_drone/install/visual_processing/lib/python3.10/site-packages/visual_processing/__pycache__/__init__.cpython-310.pyc
/home/st5dronelab/Desktop/EI_drone/install/visual_processing/share/ament_index/resource_index/packages/visual_processing
/home/st5dronelab/Desktop/EI_drone/install/visual_processing/share/visual_processing/package.xml
/home/st5dronelab/Desktop/EI_drone/install/visual_processing/share/visual_processing/launch/webcam.xml
/home/st5dronelab/Desktop/EI_drone/install/visual_processing/lib/python3.10/site-packages/visual_processing-0.0.0-py3.10.egg-info/entry_points.txt
/home/st5dronelab/Desktop/EI_drone/install/visual_processing/lib/python3.10/site-packages/visual_processing-0.0.0-py3.10.egg-info/dependency_links.txt
/home/st5dronelab/Desktop/EI_drone/install/visual_processing/lib/python3.10/site-packages/visual_processing-0.0.0-py3.10.egg-info/PKG-INFO
/home/st5dronelab/Desktop/EI_drone/install/visual_processing/lib/python3.10/site-packages/visual_processing-0.0.0-py3.10.egg-info/zip-safe
/home/st5dronelab/Desktop/EI_drone/install/visual_processing/lib/python3.10/site-packages/visual_processing-0.0.0-py3.10.egg-info/requires.txt
/home/st5dronelab/Desktop/EI_drone/install/visual_processing/lib/python3.10/site-packages/visual_processing-0.0.0-py3.10.egg-info/top_level.txt
/home/st5dronelab/Desktop/EI_drone/install/visual_processing/lib/python3.10/site-packages/visual_processing-0.0.0-py3.10.egg-info/SOURCES.txt
/home/st5dronelab/Desktop/EI_drone/install/visual_processing/lib/visual_processing/republish
/home/st5dronelab/Desktop/EI_drone/install/visual_processing/lib/visual_processing/vp_node
