running egg_info
creating ../../build/visual_processing/visual_processing.egg-info
writing ../../build/visual_processing/visual_processing.egg-info/PKG-INFO
writing dependency_links to ../../build/visual_processing/visual_processing.egg-info/dependency_links.txt
writing entry points to ../../build/visual_processing/visual_processing.egg-info/entry_points.txt
writing requirements to ../../build/visual_processing/visual_processing.egg-info/requires.txt
writing top-level names to ../../build/visual_processing/visual_processing.egg-info/top_level.txt
writing manifest file '../../build/visual_processing/visual_processing.egg-info/SOURCES.txt'
reading manifest file '../../build/visual_processing/visual_processing.egg-info/SOURCES.txt'
writing manifest file '../../build/visual_processing/visual_processing.egg-info/SOURCES.txt'
running build
running build_py
creating /home/st5dronelab/Desktop/EI_drone/build/visual_processing/build
creating /home/st5dronelab/Desktop/EI_drone/build/visual_processing/build/lib
creating /home/st5dronelab/Desktop/EI_drone/build/visual_processing/build/lib/visual_processing
copying visual_processing/republish.py -> /home/st5dronelab/Desktop/EI_drone/build/visual_processing/build/lib/visual_processing
copying visual_processing/my_line_library.py -> /home/st5dronelab/Desktop/EI_drone/build/visual_processing/build/lib/visual_processing
copying visual_processing/vp_node.py -> /home/st5dronelab/Desktop/EI_drone/build/visual_processing/build/lib/visual_processing
copying visual_processing/__init__.py -> /home/st5dronelab/Desktop/EI_drone/build/visual_processing/build/lib/visual_processing
running install
running install_lib
creating /home/st5dronelab/Desktop/EI_drone/install/visual_processing/lib/python3.10/site-packages/visual_processing
copying /home/st5dronelab/Desktop/EI_drone/build/visual_processing/build/lib/visual_processing/republish.py -> /home/st5dronelab/Desktop/EI_drone/install/visual_processing/lib/python3.10/site-packages/visual_processing
copying /home/st5dronelab/Desktop/EI_drone/build/visual_processing/build/lib/visual_processing/my_line_library.py -> /home/st5dronelab/Desktop/EI_drone/install/visual_processing/lib/python3.10/site-packages/visual_processing
copying /home/st5dronelab/Desktop/EI_drone/build/visual_processing/build/lib/visual_processing/vp_node.py -> /home/st5dronelab/Desktop/EI_drone/install/visual_processing/lib/python3.10/site-packages/visual_processing
copying /home/st5dronelab/Desktop/EI_drone/build/visual_processing/build/lib/visual_processing/__init__.py -> /home/st5dronelab/Desktop/EI_drone/install/visual_processing/lib/python3.10/site-packages/visual_processing
byte-compiling /home/st5dronelab/Desktop/EI_drone/install/visual_processing/lib/python3.10/site-packages/visual_processing/republish.py to republish.cpython-310.pyc
byte-compiling /home/st5dronelab/Desktop/EI_drone/install/visual_processing/lib/python3.10/site-packages/visual_processing/my_line_library.py to my_line_library.cpython-310.pyc
byte-compiling /home/st5dronelab/Desktop/EI_drone/install/visual_processing/lib/python3.10/site-packages/visual_processing/vp_node.py to vp_node.cpython-310.pyc
byte-compiling /home/st5dronelab/Desktop/EI_drone/install/visual_processing/lib/python3.10/site-packages/visual_processing/__init__.py to __init__.cpython-310.pyc
running install_data
creating /home/st5dronelab/Desktop/EI_drone/install/visual_processing/share/ament_index
creating /home/st5dronelab/Desktop/EI_drone/install/visual_processing/share/ament_index/resource_index
creating /home/st5dronelab/Desktop/EI_drone/install/visual_processing/share/ament_index/resource_index/packages
copying resource/visual_processing -> /home/st5dronelab/Desktop/EI_drone/install/visual_processing/share/ament_index/resource_index/packages
copying package.xml -> /home/st5dronelab/Desktop/EI_drone/install/visual_processing/share/visual_processing
creating /home/st5dronelab/Desktop/EI_drone/install/visual_processing/share/visual_processing/launch
copying launch/webcam.xml -> /home/st5dronelab/Desktop/EI_drone/install/visual_processing/share/visual_processing/launch
running install_egg_info
Copying ../../build/visual_processing/visual_processing.egg-info to /home/st5dronelab/Desktop/EI_drone/install/visual_processing/lib/python3.10/site-packages/visual_processing-0.0.0-py3.10.egg-info
running install_scripts
Installing republish script to /home/st5dronelab/Desktop/EI_drone/install/visual_processing/lib/visual_processing
Installing vp_node script to /home/st5dronelab/Desktop/EI_drone/install/visual_processing/lib/visual_processing
writing list of installed files to '/home/st5dronelab/Desktop/EI_drone/build/visual_processing/install.log'
