running egg_info
creating ../../build/behavior/behavior.egg-info
writing ../../build/behavior/behavior.egg-info/PKG-INFO
writing dependency_links to ../../build/behavior/behavior.egg-info/dependency_links.txt
writing entry points to ../../build/behavior/behavior.egg-info/entry_points.txt
writing requirements to ../../build/behavior/behavior.egg-info/requires.txt
writing top-level names to ../../build/behavior/behavior.egg-info/top_level.txt
writing manifest file '../../build/behavior/behavior.egg-info/SOURCES.txt'
reading manifest file '../../build/behavior/behavior.egg-info/SOURCES.txt'
writing manifest file '../../build/behavior/behavior.egg-info/SOURCES.txt'
running build
running build_py
creating /home/st5dronelab/Desktop/EI_drone/build/behavior/build
creating /home/st5dronelab/Desktop/EI_drone/build/behavior/build/lib
creating /home/st5dronelab/Desktop/EI_drone/build/behavior/build/lib/behavior
copying behavior/Command_float_setter.py -> /home/st5dronelab/Desktop/EI_drone/build/behavior/build/lib/behavior
copying behavior/AlignCorridor.py -> /home/st5dronelab/Desktop/EI_drone/build/behavior/build/lib/behavior
copying behavior/status_viewer.py -> /home/st5dronelab/Desktop/EI_drone/build/behavior/build/lib/behavior
copying behavior/command.py -> /home/st5dronelab/Desktop/EI_drone/build/behavior/build/lib/behavior
copying behavior/MoveForwardVp.py -> /home/st5dronelab/Desktop/EI_drone/build/behavior/build/lib/behavior
copying behavior/joy_teleop.py -> /home/st5dronelab/Desktop/EI_drone/build/behavior/build/lib/behavior
copying behavior/float_setter.py -> /home/st5dronelab/Desktop/EI_drone/build/behavior/build/lib/behavior
copying behavior/fake_hover.py -> /home/st5dronelab/Desktop/EI_drone/build/behavior/build/lib/behavior
copying behavior/Hover.py -> /home/st5dronelab/Desktop/EI_drone/build/behavior/build/lib/behavior
copying behavior/TakeOff.py -> /home/st5dronelab/Desktop/EI_drone/build/behavior/build/lib/behavior
copying behavior/fake_forward.py -> /home/st5dronelab/Desktop/EI_drone/build/behavior/build/lib/behavior
copying behavior/CenterCorridor.py -> /home/st5dronelab/Desktop/EI_drone/build/behavior/build/lib/behavior
copying behavior/auto_off.py -> /home/st5dronelab/Desktop/EI_drone/build/behavior/build/lib/behavior
copying behavior/basic_behavior.py -> /home/st5dronelab/Desktop/EI_drone/build/behavior/build/lib/behavior
copying behavior/Land.py -> /home/st5dronelab/Desktop/EI_drone/build/behavior/build/lib/behavior
copying behavior/__init__.py -> /home/st5dronelab/Desktop/EI_drone/build/behavior/build/lib/behavior
running install
running install_lib
creating /home/st5dronelab/Desktop/EI_drone/install/behavior/lib/python3.10/site-packages/behavior
copying /home/st5dronelab/Desktop/EI_drone/build/behavior/build/lib/behavior/Command_float_setter.py -> /home/st5dronelab/Desktop/EI_drone/install/behavior/lib/python3.10/site-packages/behavior
copying /home/st5dronelab/Desktop/EI_drone/build/behavior/build/lib/behavior/AlignCorridor.py -> /home/st5dronelab/Desktop/EI_drone/install/behavior/lib/python3.10/site-packages/behavior
copying /home/st5dronelab/Desktop/EI_drone/build/behavior/build/lib/behavior/status_viewer.py -> /home/st5dronelab/Desktop/EI_drone/install/behavior/lib/python3.10/site-packages/behavior
copying /home/st5dronelab/Desktop/EI_drone/build/behavior/build/lib/behavior/command.py -> /home/st5dronelab/Desktop/EI_drone/install/behavior/lib/python3.10/site-packages/behavior
copying /home/st5dronelab/Desktop/EI_drone/build/behavior/build/lib/behavior/MoveForwardVp.py -> /home/st5dronelab/Desktop/EI_drone/install/behavior/lib/python3.10/site-packages/behavior
copying /home/st5dronelab/Desktop/EI_drone/build/behavior/build/lib/behavior/joy_teleop.py -> /home/st5dronelab/Desktop/EI_drone/install/behavior/lib/python3.10/site-packages/behavior
copying /home/st5dronelab/Desktop/EI_drone/build/behavior/build/lib/behavior/float_setter.py -> /home/st5dronelab/Desktop/EI_drone/install/behavior/lib/python3.10/site-packages/behavior
copying /home/st5dronelab/Desktop/EI_drone/build/behavior/build/lib/behavior/fake_hover.py -> /home/st5dronelab/Desktop/EI_drone/install/behavior/lib/python3.10/site-packages/behavior
copying /home/st5dronelab/Desktop/EI_drone/build/behavior/build/lib/behavior/Hover.py -> /home/st5dronelab/Desktop/EI_drone/install/behavior/lib/python3.10/site-packages/behavior
copying /home/st5dronelab/Desktop/EI_drone/build/behavior/build/lib/behavior/TakeOff.py -> /home/st5dronelab/Desktop/EI_drone/install/behavior/lib/python3.10/site-packages/behavior
copying /home/st5dronelab/Desktop/EI_drone/build/behavior/build/lib/behavior/fake_forward.py -> /home/st5dronelab/Desktop/EI_drone/install/behavior/lib/python3.10/site-packages/behavior
copying /home/st5dronelab/Desktop/EI_drone/build/behavior/build/lib/behavior/CenterCorridor.py -> /home/st5dronelab/Desktop/EI_drone/install/behavior/lib/python3.10/site-packages/behavior
copying /home/st5dronelab/Desktop/EI_drone/build/behavior/build/lib/behavior/auto_off.py -> /home/st5dronelab/Desktop/EI_drone/install/behavior/lib/python3.10/site-packages/behavior
copying /home/st5dronelab/Desktop/EI_drone/build/behavior/build/lib/behavior/basic_behavior.py -> /home/st5dronelab/Desktop/EI_drone/install/behavior/lib/python3.10/site-packages/behavior
copying /home/st5dronelab/Desktop/EI_drone/build/behavior/build/lib/behavior/Land.py -> /home/st5dronelab/Desktop/EI_drone/install/behavior/lib/python3.10/site-packages/behavior
copying /home/st5dronelab/Desktop/EI_drone/build/behavior/build/lib/behavior/__init__.py -> /home/st5dronelab/Desktop/EI_drone/install/behavior/lib/python3.10/site-packages/behavior
byte-compiling /home/st5dronelab/Desktop/EI_drone/install/behavior/lib/python3.10/site-packages/behavior/Command_float_setter.py to Command_float_setter.cpython-310.pyc
byte-compiling /home/st5dronelab/Desktop/EI_drone/install/behavior/lib/python3.10/site-packages/behavior/AlignCorridor.py to AlignCorridor.cpython-310.pyc
byte-compiling /home/st5dronelab/Desktop/EI_drone/install/behavior/lib/python3.10/site-packages/behavior/status_viewer.py to status_viewer.cpython-310.pyc
byte-compiling /home/st5dronelab/Desktop/EI_drone/install/behavior/lib/python3.10/site-packages/behavior/command.py to command.cpython-310.pyc
byte-compiling /home/st5dronelab/Desktop/EI_drone/install/behavior/lib/python3.10/site-packages/behavior/MoveForwardVp.py to MoveForwardVp.cpython-310.pyc
byte-compiling /home/st5dronelab/Desktop/EI_drone/install/behavior/lib/python3.10/site-packages/behavior/joy_teleop.py to joy_teleop.cpython-310.pyc
byte-compiling /home/st5dronelab/Desktop/EI_drone/install/behavior/lib/python3.10/site-packages/behavior/float_setter.py to float_setter.cpython-310.pyc
byte-compiling /home/st5dronelab/Desktop/EI_drone/install/behavior/lib/python3.10/site-packages/behavior/fake_hover.py to fake_hover.cpython-310.pyc
byte-compiling /home/st5dronelab/Desktop/EI_drone/install/behavior/lib/python3.10/site-packages/behavior/Hover.py to Hover.cpython-310.pyc
byte-compiling /home/st5dronelab/Desktop/EI_drone/install/behavior/lib/python3.10/site-packages/behavior/TakeOff.py to TakeOff.cpython-310.pyc
byte-compiling /home/st5dronelab/Desktop/EI_drone/install/behavior/lib/python3.10/site-packages/behavior/fake_forward.py to fake_forward.cpython-310.pyc
byte-compiling /home/st5dronelab/Desktop/EI_drone/install/behavior/lib/python3.10/site-packages/behavior/CenterCorridor.py to CenterCorridor.cpython-310.pyc
byte-compiling /home/st5dronelab/Desktop/EI_drone/install/behavior/lib/python3.10/site-packages/behavior/auto_off.py to auto_off.cpython-310.pyc
byte-compiling /home/st5dronelab/Desktop/EI_drone/install/behavior/lib/python3.10/site-packages/behavior/basic_behavior.py to basic_behavior.cpython-310.pyc
byte-compiling /home/st5dronelab/Desktop/EI_drone/install/behavior/lib/python3.10/site-packages/behavior/Land.py to Land.cpython-310.pyc
byte-compiling /home/st5dronelab/Desktop/EI_drone/install/behavior/lib/python3.10/site-packages/behavior/__init__.py to __init__.cpython-310.pyc
running install_data
creating /home/st5dronelab/Desktop/EI_drone/install/behavior/share/ament_index
creating /home/st5dronelab/Desktop/EI_drone/install/behavior/share/ament_index/resource_index
creating /home/st5dronelab/Desktop/EI_drone/install/behavior/share/ament_index/resource_index/packages
copying resource/behavior -> /home/st5dronelab/Desktop/EI_drone/install/behavior/share/ament_index/resource_index/packages
copying package.xml -> /home/st5dronelab/Desktop/EI_drone/install/behavior/share/behavior
creating /home/st5dronelab/Desktop/EI_drone/install/behavior/share/behavior/launch
copying launch/behavior_launch.xml -> /home/st5dronelab/Desktop/EI_drone/install/behavior/share/behavior/launch
running install_egg_info
Copying ../../build/behavior/behavior.egg-info to /home/st5dronelab/Desktop/EI_drone/install/behavior/lib/python3.10/site-packages/behavior-0.0.0-py3.10.egg-info
running install_scripts
Installing Hover script to /home/st5dronelab/Desktop/EI_drone/install/behavior/lib/behavior
Installing Land script to /home/st5dronelab/Desktop/EI_drone/install/behavior/lib/behavior
Installing MoveBackward script to /home/st5dronelab/Desktop/EI_drone/install/behavior/lib/behavior
Installing MoveDown script to /home/st5dronelab/Desktop/EI_drone/install/behavior/lib/behavior
Installing MoveForward script to /home/st5dronelab/Desktop/EI_drone/install/behavior/lib/behavior
Installing MoveLeft script to /home/st5dronelab/Desktop/EI_drone/install/behavior/lib/behavior
Installing MoveRight script to /home/st5dronelab/Desktop/EI_drone/install/behavior/lib/behavior
Installing MoveUp script to /home/st5dronelab/Desktop/EI_drone/install/behavior/lib/behavior
Installing TakeOff script to /home/st5dronelab/Desktop/EI_drone/install/behavior/lib/behavior
Installing TurnLeft script to /home/st5dronelab/Desktop/EI_drone/install/behavior/lib/behavior
Installing TurnRight script to /home/st5dronelab/Desktop/EI_drone/install/behavior/lib/behavior
Installing command script to /home/st5dronelab/Desktop/EI_drone/install/behavior/lib/behavior
Installing fake_forward script to /home/st5dronelab/Desktop/EI_drone/install/behavior/lib/behavior
Installing fake_hover script to /home/st5dronelab/Desktop/EI_drone/install/behavior/lib/behavior
Installing joy_teleop script to /home/st5dronelab/Desktop/EI_drone/install/behavior/lib/behavior
Installing status_viewer script to /home/st5dronelab/Desktop/EI_drone/install/behavior/lib/behavior
writing list of installed files to '/home/st5dronelab/Desktop/EI_drone/build/behavior/install.log'
