[1.303s] Invoking command in '/home/st5dronelab/Desktop/EI_drone/ros_packages/behavior': PYTHONPATH=/home/st5dronelab/Desktop/EI_drone/build/behavior/prefix_override:/usr/lib/python3/dist-packages/colcon_core/task/python/colcon_distutils_commands:/home/st5dronelab/Desktop/EI_drone/install/behavior/lib/python3.10/site-packages:${PYTHONPATH} /usr/bin/python3 -W ignore:setup.py install is deprecated setup.py egg_info --egg-base ../../build/behavior build --build-base /home/st5dronelab/Desktop/EI_drone/build/behavior/build install --record /home/st5dronelab/Desktop/EI_drone/build/behavior/install.log --single-version-externally-managed install_data
[1.593s] running egg_info
[1.593s] creating ../../build/behavior/behavior.egg-info
[1.593s] writing ../../build/behavior/behavior.egg-info/PKG-INFO
[1.594s] writing dependency_links to ../../build/behavior/behavior.egg-info/dependency_links.txt
[1.594s] writing entry points to ../../build/behavior/behavior.egg-info/entry_points.txt
[1.594s] writing requirements to ../../build/behavior/behavior.egg-info/requires.txt
[1.594s] writing top-level names to ../../build/behavior/behavior.egg-info/top_level.txt
[1.594s] writing manifest file '../../build/behavior/behavior.egg-info/SOURCES.txt'
[1.596s] reading manifest file '../../build/behavior/behavior.egg-info/SOURCES.txt'
[1.597s] writing manifest file '../../build/behavior/behavior.egg-info/SOURCES.txt'
[1.597s] running build
[1.598s] running build_py
[1.598s] creating /home/st5dronelab/Desktop/EI_drone/build/behavior/build
[1.598s] creating /home/st5dronelab/Desktop/EI_drone/build/behavior/build/lib
[1.598s] creating /home/st5dronelab/Desktop/EI_drone/build/behavior/build/lib/behavior
[1.598s] copying behavior/Command_float_setter.py -> /home/st5dronelab/Desktop/EI_drone/build/behavior/build/lib/behavior
[1.598s] copying behavior/AlignCorridor.py -> /home/st5dronelab/Desktop/EI_drone/build/behavior/build/lib/behavior
[1.599s] copying behavior/status_viewer.py -> /home/st5dronelab/Desktop/EI_drone/build/behavior/build/lib/behavior
[1.599s] copying behavior/command.py -> /home/st5dronelab/Desktop/EI_drone/build/behavior/build/lib/behavior
[1.599s] copying behavior/MoveForwardVp.py -> /home/st5dronelab/Desktop/EI_drone/build/behavior/build/lib/behavior
[1.599s] copying behavior/joy_teleop.py -> /home/st5dronelab/Desktop/EI_drone/build/behavior/build/lib/behavior
[1.599s] copying behavior/float_setter.py -> /home/st5dronelab/Desktop/EI_drone/build/behavior/build/lib/behavior
[1.599s] copying behavior/fake_hover.py -> /home/st5dronelab/Desktop/EI_drone/build/behavior/build/lib/behavior
[1.599s] copying behavior/Hover.py -> /home/st5dronelab/Desktop/EI_drone/build/behavior/build/lib/behavior
[1.600s] copying behavior/TakeOff.py -> /home/st5dronelab/Desktop/EI_drone/build/behavior/build/lib/behavior
[1.600s] copying behavior/fake_forward.py -> /home/st5dronelab/Desktop/EI_drone/build/behavior/build/lib/behavior
[1.600s] copying behavior/CenterCorridor.py -> /home/st5dronelab/Desktop/EI_drone/build/behavior/build/lib/behavior
[1.600s] copying behavior/auto_off.py -> /home/st5dronelab/Desktop/EI_drone/build/behavior/build/lib/behavior
[1.600s] copying behavior/basic_behavior.py -> /home/st5dronelab/Desktop/EI_drone/build/behavior/build/lib/behavior
[1.600s] copying behavior/Land.py -> /home/st5dronelab/Desktop/EI_drone/build/behavior/build/lib/behavior
[1.600s] copying behavior/__init__.py -> /home/st5dronelab/Desktop/EI_drone/build/behavior/build/lib/behavior
[1.600s] running install
[1.601s] running install_lib
[1.601s] creating /home/st5dronelab/Desktop/EI_drone/install/behavior/lib/python3.10/site-packages/behavior
[1.601s] copying /home/st5dronelab/Desktop/EI_drone/build/behavior/build/lib/behavior/Command_float_setter.py -> /home/st5dronelab/Desktop/EI_drone/install/behavior/lib/python3.10/site-packages/behavior
[1.601s] copying /home/st5dronelab/Desktop/EI_drone/build/behavior/build/lib/behavior/AlignCorridor.py -> /home/st5dronelab/Desktop/EI_drone/install/behavior/lib/python3.10/site-packages/behavior
[1.602s] copying /home/st5dronelab/Desktop/EI_drone/build/behavior/build/lib/behavior/status_viewer.py -> /home/st5dronelab/Desktop/EI_drone/install/behavior/lib/python3.10/site-packages/behavior
[1.602s] copying /home/st5dronelab/Desktop/EI_drone/build/behavior/build/lib/behavior/command.py -> /home/st5dronelab/Desktop/EI_drone/install/behavior/lib/python3.10/site-packages/behavior
[1.602s] copying /home/st5dronelab/Desktop/EI_drone/build/behavior/build/lib/behavior/MoveForwardVp.py -> /home/st5dronelab/Desktop/EI_drone/install/behavior/lib/python3.10/site-packages/behavior
[1.602s] copying /home/st5dronelab/Desktop/EI_drone/build/behavior/build/lib/behavior/joy_teleop.py -> /home/st5dronelab/Desktop/EI_drone/install/behavior/lib/python3.10/site-packages/behavior
[1.602s] copying /home/st5dronelab/Desktop/EI_drone/build/behavior/build/lib/behavior/float_setter.py -> /home/st5dronelab/Desktop/EI_drone/install/behavior/lib/python3.10/site-packages/behavior
[1.602s] copying /home/st5dronelab/Desktop/EI_drone/build/behavior/build/lib/behavior/fake_hover.py -> /home/st5dronelab/Desktop/EI_drone/install/behavior/lib/python3.10/site-packages/behavior
[1.603s] copying /home/st5dronelab/Desktop/EI_drone/build/behavior/build/lib/behavior/Hover.py -> /home/st5dronelab/Desktop/EI_drone/install/behavior/lib/python3.10/site-packages/behavior
[1.603s] copying /home/st5dronelab/Desktop/EI_drone/build/behavior/build/lib/behavior/TakeOff.py -> /home/st5dronelab/Desktop/EI_drone/install/behavior/lib/python3.10/site-packages/behavior
[1.603s] copying /home/st5dronelab/Desktop/EI_drone/build/behavior/build/lib/behavior/fake_forward.py -> /home/st5dronelab/Desktop/EI_drone/install/behavior/lib/python3.10/site-packages/behavior
[1.603s] copying /home/st5dronelab/Desktop/EI_drone/build/behavior/build/lib/behavior/CenterCorridor.py -> /home/st5dronelab/Desktop/EI_drone/install/behavior/lib/python3.10/site-packages/behavior
[1.603s] copying /home/st5dronelab/Desktop/EI_drone/build/behavior/build/lib/behavior/auto_off.py -> /home/st5dronelab/Desktop/EI_drone/install/behavior/lib/python3.10/site-packages/behavior
[1.603s] copying /home/st5dronelab/Desktop/EI_drone/build/behavior/build/lib/behavior/basic_behavior.py -> /home/st5dronelab/Desktop/EI_drone/install/behavior/lib/python3.10/site-packages/behavior
[1.603s] copying /home/st5dronelab/Desktop/EI_drone/build/behavior/build/lib/behavior/Land.py -> /home/st5dronelab/Desktop/EI_drone/install/behavior/lib/python3.10/site-packages/behavior
[1.603s] copying /home/st5dronelab/Desktop/EI_drone/build/behavior/build/lib/behavior/__init__.py -> /home/st5dronelab/Desktop/EI_drone/install/behavior/lib/python3.10/site-packages/behavior
[1.604s] byte-compiling /home/st5dronelab/Desktop/EI_drone/install/behavior/lib/python3.10/site-packages/behavior/Command_float_setter.py to Command_float_setter.cpython-310.pyc
[1.604s] byte-compiling /home/st5dronelab/Desktop/EI_drone/install/behavior/lib/python3.10/site-packages/behavior/AlignCorridor.py to AlignCorridor.cpython-310.pyc
[1.605s] Sorry: IndentationError: unindent does not match any outer indentation level (AlignCorridor.py, line 29)
[1.605s] byte-compiling /home/st5dronelab/Desktop/EI_drone/install/behavior/lib/python3.10/site-packages/behavior/status_viewer.py to status_viewer.cpython-310.pyc
[1.606s] byte-compiling /home/st5dronelab/Desktop/EI_drone/install/behavior/lib/python3.10/site-packages/behavior/command.py to command.cpython-310.pyc
[1.606s] byte-compiling /home/st5dronelab/Desktop/EI_drone/install/behavior/lib/python3.10/site-packages/behavior/MoveForwardVp.py to MoveForwardVp.cpython-310.pyc
[1.607s] byte-compiling /home/st5dronelab/Desktop/EI_drone/install/behavior/lib/python3.10/site-packages/behavior/joy_teleop.py to joy_teleop.cpython-310.pyc
[1.608s] byte-compiling /home/st5dronelab/Desktop/EI_drone/install/behavior/lib/python3.10/site-packages/behavior/float_setter.py to float_setter.cpython-310.pyc
[1.608s] byte-compiling /home/st5dronelab/Desktop/EI_drone/install/behavior/lib/python3.10/site-packages/behavior/fake_hover.py to fake_hover.cpython-310.pyc
[1.608s] byte-compiling /home/st5dronelab/Desktop/EI_drone/install/behavior/lib/python3.10/site-packages/behavior/Hover.py to Hover.cpython-310.pyc
[1.609s] byte-compiling /home/st5dronelab/Desktop/EI_drone/install/behavior/lib/python3.10/site-packages/behavior/TakeOff.py to TakeOff.cpython-310.pyc
[1.609s] byte-compiling /home/st5dronelab/Desktop/EI_drone/install/behavior/lib/python3.10/site-packages/behavior/fake_forward.py to fake_forward.cpython-310.pyc
[1.609s] byte-compiling /home/st5dronelab/Desktop/EI_drone/install/behavior/lib/python3.10/site-packages/behavior/CenterCorridor.py to CenterCorridor.cpython-310.pyc
[1.610s] byte-compiling /home/st5dronelab/Desktop/EI_drone/install/behavior/lib/python3.10/site-packages/behavior/auto_off.py to auto_off.cpython-310.pyc
[1.610s] byte-compiling /home/st5dronelab/Desktop/EI_drone/install/behavior/lib/python3.10/site-packages/behavior/basic_behavior.py to basic_behavior.cpython-310.pyc
[1.610s] byte-compiling /home/st5dronelab/Desktop/EI_drone/install/behavior/lib/python3.10/site-packages/behavior/Land.py to Land.cpython-310.pyc
[1.611s] byte-compiling /home/st5dronelab/Desktop/EI_drone/install/behavior/lib/python3.10/site-packages/behavior/__init__.py to __init__.cpython-310.pyc
[1.611s] running install_data
[1.611s] creating /home/st5dronelab/Desktop/EI_drone/install/behavior/share/ament_index
[1.611s] creating /home/st5dronelab/Desktop/EI_drone/install/behavior/share/ament_index/resource_index
[1.612s] creating /home/st5dronelab/Desktop/EI_drone/install/behavior/share/ament_index/resource_index/packages
[1.612s] copying resource/behavior -> /home/st5dronelab/Desktop/EI_drone/install/behavior/share/ament_index/resource_index/packages
[1.612s] copying package.xml -> /home/st5dronelab/Desktop/EI_drone/install/behavior/share/behavior
[1.612s] creating /home/st5dronelab/Desktop/EI_drone/install/behavior/share/behavior/launch
[1.612s] copying launch/behavior_launch.xml -> /home/st5dronelab/Desktop/EI_drone/install/behavior/share/behavior/launch
[1.612s] running install_egg_info
[1.614s] Copying ../../build/behavior/behavior.egg-info to /home/st5dronelab/Desktop/EI_drone/install/behavior/lib/python3.10/site-packages/behavior-0.0.0-py3.10.egg-info
[1.615s] running install_scripts
[1.642s] Installing Hover script to /home/st5dronelab/Desktop/EI_drone/install/behavior/lib/behavior
[1.642s] Installing Land script to /home/st5dronelab/Desktop/EI_drone/install/behavior/lib/behavior
[1.642s] Installing MoveBackward script to /home/st5dronelab/Desktop/EI_drone/install/behavior/lib/behavior
[1.642s] Installing MoveDown script to /home/st5dronelab/Desktop/EI_drone/install/behavior/lib/behavior
[1.642s] Installing MoveForward script to /home/st5dronelab/Desktop/EI_drone/install/behavior/lib/behavior
[1.643s] Installing MoveLeft script to /home/st5dronelab/Desktop/EI_drone/install/behavior/lib/behavior
[1.643s] Installing MoveRight script to /home/st5dronelab/Desktop/EI_drone/install/behavior/lib/behavior
[1.643s] Installing MoveUp script to /home/st5dronelab/Desktop/EI_drone/install/behavior/lib/behavior
[1.644s] Installing TakeOff script to /home/st5dronelab/Desktop/EI_drone/install/behavior/lib/behavior
[1.644s] Installing TurnLeft script to /home/st5dronelab/Desktop/EI_drone/install/behavior/lib/behavior
[1.644s] Installing TurnRight script to /home/st5dronelab/Desktop/EI_drone/install/behavior/lib/behavior
[1.644s] Installing command script to /home/st5dronelab/Desktop/EI_drone/install/behavior/lib/behavior
[1.645s] Installing fake_forward script to /home/st5dronelab/Desktop/EI_drone/install/behavior/lib/behavior
[1.645s] Installing fake_hover script to /home/st5dronelab/Desktop/EI_drone/install/behavior/lib/behavior
[1.645s] Installing joy_teleop script to /home/st5dronelab/Desktop/EI_drone/install/behavior/lib/behavior
[1.645s] Installing status_viewer script to /home/st5dronelab/Desktop/EI_drone/install/behavior/lib/behavior
[1.645s] writing list of installed files to '/home/st5dronelab/Desktop/EI_drone/build/behavior/install.log'
[1.683s] Invoked command in '/home/st5dronelab/Desktop/EI_drone/ros_packages/behavior' returned '0': PYTHONPATH=/home/st5dronelab/Desktop/EI_drone/build/behavior/prefix_override:/usr/lib/python3/dist-packages/colcon_core/task/python/colcon_distutils_commands:/home/st5dronelab/Desktop/EI_drone/install/behavior/lib/python3.10/site-packages:${PYTHONPATH} /usr/bin/python3 -W ignore:setup.py install is deprecated setup.py egg_info --egg-base ../../build/behavior build --build-base /home/st5dronelab/Desktop/EI_drone/build/behavior/build install --record /home/st5dronelab/Desktop/EI_drone/build/behavior/install.log --single-version-externally-managed install_data
