running egg_info
creating build/low_level_control/low_level_control.egg-info
writing build/low_level_control/low_level_control.egg-info/PKG-INFO
writing dependency_links to build/low_level_control/low_level_control.egg-info/dependency_links.txt
writing entry points to build/low_level_control/low_level_control.egg-info/entry_points.txt
writing requirements to build/low_level_control/low_level_control.egg-info/requires.txt
writing top-level names to build/low_level_control/low_level_control.egg-info/top_level.txt
writing manifest file 'build/low_level_control/low_level_control.egg-info/SOURCES.txt'
reading manifest file 'build/low_level_control/low_level_control.egg-info/SOURCES.txt'
writing manifest file 'build/low_level_control/low_level_control.egg-info/SOURCES.txt'
running build
running build_py
creating /home/pierres/EI_drone/ros_packages/low_level_control/build/low_level_control/build
creating /home/pierres/EI_drone/ros_packages/low_level_control/build/low_level_control/build/lib
creating /home/pierres/EI_drone/ros_packages/low_level_control/build/low_level_control/build/lib/low_level_control
copying low_level_control/joy_teleop.py -> /home/pierres/EI_drone/ros_packages/low_level_control/build/low_level_control/build/lib/low_level_control
copying low_level_control/__init__.py -> /home/pierres/EI_drone/ros_packages/low_level_control/build/low_level_control/build/lib/low_level_control
copying low_level_control/twist2pic.py -> /home/pierres/EI_drone/ros_packages/low_level_control/build/low_level_control/build/lib/low_level_control
running install
running install_lib
creating /home/pierres/EI_drone/ros_packages/low_level_control/install/low_level_control/lib/python3.10/site-packages/low_level_control
copying /home/pierres/EI_drone/ros_packages/low_level_control/build/low_level_control/build/lib/low_level_control/joy_teleop.py -> /home/pierres/EI_drone/ros_packages/low_level_control/install/low_level_control/lib/python3.10/site-packages/low_level_control
copying /home/pierres/EI_drone/ros_packages/low_level_control/build/low_level_control/build/lib/low_level_control/__init__.py -> /home/pierres/EI_drone/ros_packages/low_level_control/install/low_level_control/lib/python3.10/site-packages/low_level_control
copying /home/pierres/EI_drone/ros_packages/low_level_control/build/low_level_control/build/lib/low_level_control/twist2pic.py -> /home/pierres/EI_drone/ros_packages/low_level_control/install/low_level_control/lib/python3.10/site-packages/low_level_control
byte-compiling /home/pierres/EI_drone/ros_packages/low_level_control/install/low_level_control/lib/python3.10/site-packages/low_level_control/joy_teleop.py to joy_teleop.cpython-310.pyc
byte-compiling /home/pierres/EI_drone/ros_packages/low_level_control/install/low_level_control/lib/python3.10/site-packages/low_level_control/__init__.py to __init__.cpython-310.pyc
byte-compiling /home/pierres/EI_drone/ros_packages/low_level_control/install/low_level_control/lib/python3.10/site-packages/low_level_control/twist2pic.py to twist2pic.cpython-310.pyc
running install_data
creating /home/pierres/EI_drone/ros_packages/low_level_control/install/low_level_control/share/ament_index
creating /home/pierres/EI_drone/ros_packages/low_level_control/install/low_level_control/share/ament_index/resource_index
creating /home/pierres/EI_drone/ros_packages/low_level_control/install/low_level_control/share/ament_index/resource_index/packages
copying resource/low_level_control -> /home/pierres/EI_drone/ros_packages/low_level_control/install/low_level_control/share/ament_index/resource_index/packages
copying package.xml -> /home/pierres/EI_drone/ros_packages/low_level_control/install/low_level_control/share/low_level_control
creating /home/pierres/EI_drone/ros_packages/low_level_control/install/low_level_control/share/low_level_control/launch
copying launch/launch.xml -> /home/pierres/EI_drone/ros_packages/low_level_control/install/low_level_control/share/low_level_control/launch
running install_egg_info
Copying build/low_level_control/low_level_control.egg-info to /home/pierres/EI_drone/ros_packages/low_level_control/install/low_level_control/lib/python3.10/site-packages/low_level_control-0.0.0-py3.10.egg-info
running install_scripts
Installing joy_teleop script to /home/pierres/EI_drone/ros_packages/low_level_control/install/low_level_control/lib/low_level_control
Installing twist2pic script to /home/pierres/EI_drone/ros_packages/low_level_control/install/low_level_control/lib/low_level_control
writing list of installed files to '/home/pierres/EI_drone/ros_packages/low_level_control/build/low_level_control/install.log'
