[0.412s] Invoking command in '/home/pierres/EI_drone/ros_packages/low_level_control': PYTHONPATH=/home/pierres/EI_drone/ros_packages/low_level_control/build/low_level_control/prefix_override:/usr/lib/python3/dist-packages/colcon_core/task/python/colcon_distutils_commands:/home/pierres/EI_drone/ros_packages/low_level_control/install/low_level_control/lib/python3.10/site-packages:${PYTHONPATH} /usr/bin/python3 -W ignore:setup.py install is deprecated setup.py egg_info --egg-base build/low_level_control build --build-base /home/pierres/EI_drone/ros_packages/low_level_control/build/low_level_control/build install --record /home/pierres/EI_drone/ros_packages/low_level_control/build/low_level_control/install.log --single-version-externally-managed install_data
[0.579s] running egg_info
[0.580s] creating build/low_level_control/low_level_control.egg-info
[0.580s] writing build/low_level_control/low_level_control.egg-info/PKG-INFO
[0.580s] writing dependency_links to build/low_level_control/low_level_control.egg-info/dependency_links.txt
[0.580s] writing entry points to build/low_level_control/low_level_control.egg-info/entry_points.txt
[0.580s] writing requirements to build/low_level_control/low_level_control.egg-info/requires.txt
[0.580s] writing top-level names to build/low_level_control/low_level_control.egg-info/top_level.txt
[0.580s] writing manifest file 'build/low_level_control/low_level_control.egg-info/SOURCES.txt'
[0.581s] reading manifest file 'build/low_level_control/low_level_control.egg-info/SOURCES.txt'
[0.582s] writing manifest file 'build/low_level_control/low_level_control.egg-info/SOURCES.txt'
[0.582s] running build
[0.582s] running build_py
[0.582s] creating /home/pierres/EI_drone/ros_packages/low_level_control/build/low_level_control/build
[0.582s] creating /home/pierres/EI_drone/ros_packages/low_level_control/build/low_level_control/build/lib
[0.582s] creating /home/pierres/EI_drone/ros_packages/low_level_control/build/low_level_control/build/lib/low_level_control
[0.582s] copying low_level_control/joy_teleop.py -> /home/pierres/EI_drone/ros_packages/low_level_control/build/low_level_control/build/lib/low_level_control
[0.582s] copying low_level_control/__init__.py -> /home/pierres/EI_drone/ros_packages/low_level_control/build/low_level_control/build/lib/low_level_control
[0.582s] copying low_level_control/twist2pic.py -> /home/pierres/EI_drone/ros_packages/low_level_control/build/low_level_control/build/lib/low_level_control
[0.582s] running install
[0.582s] running install_lib
[0.582s] creating /home/pierres/EI_drone/ros_packages/low_level_control/install/low_level_control/lib/python3.10/site-packages/low_level_control
[0.582s] copying /home/pierres/EI_drone/ros_packages/low_level_control/build/low_level_control/build/lib/low_level_control/joy_teleop.py -> /home/pierres/EI_drone/ros_packages/low_level_control/install/low_level_control/lib/python3.10/site-packages/low_level_control
[0.582s] copying /home/pierres/EI_drone/ros_packages/low_level_control/build/low_level_control/build/lib/low_level_control/__init__.py -> /home/pierres/EI_drone/ros_packages/low_level_control/install/low_level_control/lib/python3.10/site-packages/low_level_control
[0.583s] copying /home/pierres/EI_drone/ros_packages/low_level_control/build/low_level_control/build/lib/low_level_control/twist2pic.py -> /home/pierres/EI_drone/ros_packages/low_level_control/install/low_level_control/lib/python3.10/site-packages/low_level_control
[0.583s] byte-compiling /home/pierres/EI_drone/ros_packages/low_level_control/install/low_level_control/lib/python3.10/site-packages/low_level_control/joy_teleop.py to joy_teleop.cpython-310.pyc
[0.583s] byte-compiling /home/pierres/EI_drone/ros_packages/low_level_control/install/low_level_control/lib/python3.10/site-packages/low_level_control/__init__.py to __init__.cpython-310.pyc
[0.583s] byte-compiling /home/pierres/EI_drone/ros_packages/low_level_control/install/low_level_control/lib/python3.10/site-packages/low_level_control/twist2pic.py to twist2pic.cpython-310.pyc
[0.584s] running install_data
[0.584s] creating /home/pierres/EI_drone/ros_packages/low_level_control/install/low_level_control/share/ament_index
[0.584s] creating /home/pierres/EI_drone/ros_packages/low_level_control/install/low_level_control/share/ament_index/resource_index
[0.584s] creating /home/pierres/EI_drone/ros_packages/low_level_control/install/low_level_control/share/ament_index/resource_index/packages
[0.584s] copying resource/low_level_control -> /home/pierres/EI_drone/ros_packages/low_level_control/install/low_level_control/share/ament_index/resource_index/packages
[0.584s] copying package.xml -> /home/pierres/EI_drone/ros_packages/low_level_control/install/low_level_control/share/low_level_control
[0.584s] creating /home/pierres/EI_drone/ros_packages/low_level_control/install/low_level_control/share/low_level_control/launch
[0.585s] copying launch/launch.xml -> /home/pierres/EI_drone/ros_packages/low_level_control/install/low_level_control/share/low_level_control/launch
[0.585s] running install_egg_info
[0.585s] Copying build/low_level_control/low_level_control.egg-info to /home/pierres/EI_drone/ros_packages/low_level_control/install/low_level_control/lib/python3.10/site-packages/low_level_control-0.0.0-py3.10.egg-info
[0.586s] running install_scripts
[0.599s] Installing joy_teleop script to /home/pierres/EI_drone/ros_packages/low_level_control/install/low_level_control/lib/low_level_control
[0.599s] Installing twist2pic script to /home/pierres/EI_drone/ros_packages/low_level_control/install/low_level_control/lib/low_level_control
[0.599s] writing list of installed files to '/home/pierres/EI_drone/ros_packages/low_level_control/build/low_level_control/install.log'
[0.614s] Invoked command in '/home/pierres/EI_drone/ros_packages/low_level_control' returned '0': PYTHONPATH=/home/pierres/EI_drone/ros_packages/low_level_control/build/low_level_control/prefix_override:/usr/lib/python3/dist-packages/colcon_core/task/python/colcon_distutils_commands:/home/pierres/EI_drone/ros_packages/low_level_control/install/low_level_control/lib/python3.10/site-packages:${PYTHONPATH} /usr/bin/python3 -W ignore:setup.py install is deprecated setup.py egg_info --egg-base build/low_level_control build --build-base /home/pierres/EI_drone/ros_packages/low_level_control/build/low_level_control/build install --record /home/pierres/EI_drone/ros_packages/low_level_control/build/low_level_control/install.log --single-version-externally-managed install_data
