[0.110s] DEBUG:colcon:Command line arguments: ['/usr/bin/colcon', 'build']
[0.110s] DEBUG:colcon:Parsed command line arguments: Namespace(log_base=None, log_level=None, verb_name='build', build_base='build', install_base='install', merge_install=False, symlink_install=False, test_result_base=None, continue_on_error=False, executor='parallel', parallel_workers=8, event_handlers=None, ignore_user_meta=False, metas=['./colcon.meta'], base_paths=['.'], packages_ignore=None, packages_ignore_regex=None, paths=None, packages_up_to=None, packages_up_to_regex=None, packages_above=None, packages_above_and_dependencies=None, packages_above_depth=None, packages_select_by_dep=None, packages_skip_by_dep=None, packages_skip_up_to=None, packages_select_build_failed=False, packages_skip_build_finished=False, packages_select_test_failures=False, packages_skip_test_passed=False, packages_select=None, packages_skip=None, packages_select_regex=None, packages_skip_regex=None, packages_start=None, packages_end=None, allow_overriding=[], cmake_args=None, cmake_target=None, cmake_target_skip_unavailable=False, cmake_clean_cache=False, cmake_clean_first=False, cmake_force_configure=False, ament_cmake_args=None, catkin_cmake_args=None, catkin_skip_building_tests=False, verb_parser=<colcon_defaults.argument_parser.defaults.DefaultArgumentsDecorator object at 0x7cd4636036a0>, verb_extension=<colcon_core.verb.build.BuildVerb object at 0x7cd463744340>, main=<bound method BuildVerb.main of <colcon_core.verb.build.BuildVerb object at 0x7cd463744340>>)
[0.272s] Level 1:colcon.colcon_core.package_discovery:discover_packages(colcon_meta) check parameters
[0.273s] Level 1:colcon.colcon_core.package_discovery:discover_packages(recursive) check parameters
[0.273s] Level 1:colcon.colcon_core.package_discovery:discover_packages(ignore) check parameters
[0.273s] Level 1:colcon.colcon_core.package_discovery:discover_packages(path) check parameters
[0.273s] Level 1:colcon.colcon_core.package_discovery:discover_packages(colcon_meta) discover
[0.273s] Level 1:colcon.colcon_core.package_discovery:discover_packages(recursive) discover
[0.273s] INFO:colcon.colcon_core.package_discovery:Crawling recursively for packages in '/home/st5dronelab/Desktop/EI_drone'
[0.273s] Level 1:colcon.colcon_core.package_identification:_identify(.) by extensions ['ignore', 'ignore_ament_install']
[0.273s] Level 1:colcon.colcon_core.package_identification:_identify(.) by extension 'ignore'
[0.273s] Level 1:colcon.colcon_core.package_identification:_identify(.) by extension 'ignore_ament_install'
[0.273s] Level 1:colcon.colcon_core.package_identification:_identify(.) by extensions ['colcon_pkg']
[0.273s] Level 1:colcon.colcon_core.package_identification:_identify(.) by extension 'colcon_pkg'
[0.273s] Level 1:colcon.colcon_core.package_identification:_identify(.) by extensions ['colcon_meta']
[0.273s] Level 1:colcon.colcon_core.package_identification:_identify(.) by extension 'colcon_meta'
[0.273s] Level 1:colcon.colcon_core.package_identification:_identify(.) by extensions ['ros']
[0.273s] Level 1:colcon.colcon_core.package_identification:_identify(.) by extension 'ros'
[0.285s] Level 1:colcon.colcon_core.package_identification:_identify(.) by extensions ['cmake', 'python']
[0.285s] Level 1:colcon.colcon_core.package_identification:_identify(.) by extension 'cmake'
[0.285s] Level 1:colcon.colcon_core.package_identification:_identify(.) by extension 'python'
[0.285s] Level 1:colcon.colcon_core.package_identification:_identify(.) by extensions ['python_setup_py']
[0.286s] Level 1:colcon.colcon_core.package_identification:_identify(.) by extension 'python_setup_py'
[0.286s] Level 1:colcon.colcon_core.package_identification:_identify(build) by extensions ['ignore', 'ignore_ament_install']
[0.286s] Level 1:colcon.colcon_core.package_identification:_identify(build) by extension 'ignore'
[0.286s] Level 1:colcon.colcon_core.package_identification:_identify(build) ignored
[0.286s] Level 1:colcon.colcon_core.package_identification:_identify(install) by extensions ['ignore', 'ignore_ament_install']
[0.286s] Level 1:colcon.colcon_core.package_identification:_identify(install) by extension 'ignore'
[0.286s] Level 1:colcon.colcon_core.package_identification:_identify(install) ignored
[0.286s] Level 1:colcon.colcon_core.package_identification:_identify(log) by extensions ['ignore', 'ignore_ament_install']
[0.286s] Level 1:colcon.colcon_core.package_identification:_identify(log) by extension 'ignore'
[0.286s] Level 1:colcon.colcon_core.package_identification:_identify(log) ignored
[0.286s] Level 1:colcon.colcon_core.package_identification:_identify(ros_packages) by extensions ['ignore', 'ignore_ament_install']
[0.286s] Level 1:colcon.colcon_core.package_identification:_identify(ros_packages) by extension 'ignore'
[0.287s] Level 1:colcon.colcon_core.package_identification:_identify(ros_packages) by extension 'ignore_ament_install'
[0.287s] Level 1:colcon.colcon_core.package_identification:_identify(ros_packages) by extensions ['colcon_pkg']
[0.287s] Level 1:colcon.colcon_core.package_identification:_identify(ros_packages) by extension 'colcon_pkg'
[0.287s] Level 1:colcon.colcon_core.package_identification:_identify(ros_packages) by extensions ['colcon_meta']
[0.287s] Level 1:colcon.colcon_core.package_identification:_identify(ros_packages) by extension 'colcon_meta'
[0.287s] Level 1:colcon.colcon_core.package_identification:_identify(ros_packages) by extensions ['ros']
[0.287s] Level 1:colcon.colcon_core.package_identification:_identify(ros_packages) by extension 'ros'
[0.287s] Level 1:colcon.colcon_core.package_identification:_identify(ros_packages) by extensions ['cmake', 'python']
[0.287s] Level 1:colcon.colcon_core.package_identification:_identify(ros_packages) by extension 'cmake'
[0.287s] Level 1:colcon.colcon_core.package_identification:_identify(ros_packages) by extension 'python'
[0.287s] Level 1:colcon.colcon_core.package_identification:_identify(ros_packages) by extensions ['python_setup_py']
[0.287s] Level 1:colcon.colcon_core.package_identification:_identify(ros_packages) by extension 'python_setup_py'
[0.287s] Level 1:colcon.colcon_core.package_identification:_identify(ros_packages/behavior) by extensions ['ignore', 'ignore_ament_install']
[0.287s] Level 1:colcon.colcon_core.package_identification:_identify(ros_packages/behavior) by extension 'ignore'
[0.287s] Level 1:colcon.colcon_core.package_identification:_identify(ros_packages/behavior) by extension 'ignore_ament_install'
[0.287s] Level 1:colcon.colcon_core.package_identification:_identify(ros_packages/behavior) by extensions ['colcon_pkg']
[0.287s] Level 1:colcon.colcon_core.package_identification:_identify(ros_packages/behavior) by extension 'colcon_pkg'
[0.287s] Level 1:colcon.colcon_core.package_identification:_identify(ros_packages/behavior) by extensions ['colcon_meta']
[0.287s] Level 1:colcon.colcon_core.package_identification:_identify(ros_packages/behavior) by extension 'colcon_meta'
[0.288s] Level 1:colcon.colcon_core.package_identification:_identify(ros_packages/behavior) by extensions ['ros']
[0.288s] Level 1:colcon.colcon_core.package_identification:_identify(ros_packages/behavior) by extension 'ros'
[0.290s] DEBUG:colcon.colcon_core.package_identification:Package 'ros_packages/behavior' with type 'ros.ament_python' and name 'behavior'
[0.291s] Level 1:colcon.colcon_core.package_identification:_identify(ros_packages/behavior_interface) by extensions ['ignore', 'ignore_ament_install']
[0.291s] Level 1:colcon.colcon_core.package_identification:_identify(ros_packages/behavior_interface) by extension 'ignore'
[0.291s] Level 1:colcon.colcon_core.package_identification:_identify(ros_packages/behavior_interface) by extension 'ignore_ament_install'
[0.291s] Level 1:colcon.colcon_core.package_identification:_identify(ros_packages/behavior_interface) by extensions ['colcon_pkg']
[0.291s] Level 1:colcon.colcon_core.package_identification:_identify(ros_packages/behavior_interface) by extension 'colcon_pkg'
[0.291s] Level 1:colcon.colcon_core.package_identification:_identify(ros_packages/behavior_interface) by extensions ['colcon_meta']
[0.291s] Level 1:colcon.colcon_core.package_identification:_identify(ros_packages/behavior_interface) by extension 'colcon_meta'
[0.291s] Level 1:colcon.colcon_core.package_identification:_identify(ros_packages/behavior_interface) by extensions ['ros']
[0.291s] Level 1:colcon.colcon_core.package_identification:_identify(ros_packages/behavior_interface) by extension 'ros'
[0.292s] DEBUG:colcon.colcon_core.package_identification:Package 'ros_packages/behavior_interface' with type 'ros.ament_cmake' and name 'behavior_interface'
[0.292s] Level 1:colcon.colcon_core.package_identification:_identify(ros_packages/low_level_control) by extensions ['ignore', 'ignore_ament_install']
[0.292s] Level 1:colcon.colcon_core.package_identification:_identify(ros_packages/low_level_control) by extension 'ignore'
[0.292s] Level 1:colcon.colcon_core.package_identification:_identify(ros_packages/low_level_control) by extension 'ignore_ament_install'
[0.292s] Level 1:colcon.colcon_core.package_identification:_identify(ros_packages/low_level_control) by extensions ['colcon_pkg']
[0.292s] Level 1:colcon.colcon_core.package_identification:_identify(ros_packages/low_level_control) by extension 'colcon_pkg'
[0.292s] Level 1:colcon.colcon_core.package_identification:_identify(ros_packages/low_level_control) by extensions ['colcon_meta']
[0.292s] Level 1:colcon.colcon_core.package_identification:_identify(ros_packages/low_level_control) by extension 'colcon_meta'
[0.292s] Level 1:colcon.colcon_core.package_identification:_identify(ros_packages/low_level_control) by extensions ['ros']
[0.292s] Level 1:colcon.colcon_core.package_identification:_identify(ros_packages/low_level_control) by extension 'ros'
[0.293s] DEBUG:colcon.colcon_core.package_identification:Package 'ros_packages/low_level_control' with type 'ros.ament_python' and name 'low_level_control'
[0.293s] Level 1:colcon.colcon_core.package_identification:_identify(ros_packages/visual_processing) by extensions ['ignore', 'ignore_ament_install']
[0.293s] Level 1:colcon.colcon_core.package_identification:_identify(ros_packages/visual_processing) by extension 'ignore'
[0.293s] Level 1:colcon.colcon_core.package_identification:_identify(ros_packages/visual_processing) by extension 'ignore_ament_install'
[0.293s] Level 1:colcon.colcon_core.package_identification:_identify(ros_packages/visual_processing) by extensions ['colcon_pkg']
[0.293s] Level 1:colcon.colcon_core.package_identification:_identify(ros_packages/visual_processing) by extension 'colcon_pkg'
[0.293s] Level 1:colcon.colcon_core.package_identification:_identify(ros_packages/visual_processing) by extensions ['colcon_meta']
[0.293s] Level 1:colcon.colcon_core.package_identification:_identify(ros_packages/visual_processing) by extension 'colcon_meta'
[0.293s] Level 1:colcon.colcon_core.package_identification:_identify(ros_packages/visual_processing) by extensions ['ros']
[0.293s] Level 1:colcon.colcon_core.package_identification:_identify(ros_packages/visual_processing) by extension 'ros'
[0.294s] DEBUG:colcon.colcon_core.package_identification:Package 'ros_packages/visual_processing' with type 'ros.ament_python' and name 'visual_processing'
[0.294s] Level 1:colcon.colcon_core.package_discovery:discover_packages(recursive) using defaults
[0.294s] Level 1:colcon.colcon_core.package_discovery:discover_packages(ignore) discover
[0.294s] Level 1:colcon.colcon_core.package_discovery:discover_packages(ignore) using defaults
[0.294s] Level 1:colcon.colcon_core.package_discovery:discover_packages(path) discover
[0.294s] Level 1:colcon.colcon_core.package_discovery:discover_packages(path) using defaults
[0.316s] Level 1:colcon.colcon_core.package_discovery:discover_packages(prefix_path) check parameters
[0.316s] Level 1:colcon.colcon_core.package_discovery:discover_packages(prefix_path) discover
[0.318s] DEBUG:colcon.colcon_installed_package_information.package_discovery:Found 4 installed packages in /home/st5dronelab/Desktop/Mars_workspace/install
[0.319s] DEBUG:colcon.colcon_installed_package_information.package_discovery:Found 3 installed packages in /home/st5dronelab/ros2_ws/install
[0.320s] DEBUG:colcon.colcon_installed_package_information.package_discovery:Found 272 installed packages in /opt/ros/humble
[0.321s] Level 1:colcon.colcon_core.package_discovery:discover_packages(prefix_path) using defaults
[0.379s] Level 5:colcon.colcon_core.verb:set package 'behavior' build argument 'cmake_args' from command line to 'None'
[0.379s] Level 5:colcon.colcon_core.verb:set package 'behavior' build argument 'cmake_target' from command line to 'None'
[0.379s] Level 5:colcon.colcon_core.verb:set package 'behavior' build argument 'cmake_target_skip_unavailable' from command line to 'False'
[0.379s] Level 5:colcon.colcon_core.verb:set package 'behavior' build argument 'cmake_clean_cache' from command line to 'False'
[0.379s] Level 5:colcon.colcon_core.verb:set package 'behavior' build argument 'cmake_clean_first' from command line to 'False'
[0.379s] Level 5:colcon.colcon_core.verb:set package 'behavior' build argument 'cmake_force_configure' from command line to 'False'
[0.379s] Level 5:colcon.colcon_core.verb:set package 'behavior' build argument 'ament_cmake_args' from command line to 'None'
[0.379s] Level 5:colcon.colcon_core.verb:set package 'behavior' build argument 'catkin_cmake_args' from command line to 'None'
[0.379s] Level 5:colcon.colcon_core.verb:set package 'behavior' build argument 'catkin_skip_building_tests' from command line to 'False'
[0.379s] DEBUG:colcon.colcon_core.verb:Building package 'behavior' with the following arguments: {'ament_cmake_args': None, 'build_base': '/home/st5dronelab/Desktop/EI_drone/build/behavior', 'catkin_cmake_args': None, 'catkin_skip_building_tests': False, 'cmake_args': None, 'cmake_clean_cache': False, 'cmake_clean_first': False, 'cmake_force_configure': False, 'cmake_target': None, 'cmake_target_skip_unavailable': False, 'install_base': '/home/st5dronelab/Desktop/EI_drone/install/behavior', 'merge_install': False, 'path': '/home/st5dronelab/Desktop/EI_drone/ros_packages/behavior', 'symlink_install': False, 'test_result_base': None}
[0.380s] Level 5:colcon.colcon_core.verb:set package 'behavior_interface' build argument 'cmake_args' from command line to 'None'
[0.380s] Level 5:colcon.colcon_core.verb:set package 'behavior_interface' build argument 'cmake_target' from command line to 'None'
[0.380s] Level 5:colcon.colcon_core.verb:set package 'behavior_interface' build argument 'cmake_target_skip_unavailable' from command line to 'False'
[0.380s] Level 5:colcon.colcon_core.verb:set package 'behavior_interface' build argument 'cmake_clean_cache' from command line to 'False'
[0.380s] Level 5:colcon.colcon_core.verb:set package 'behavior_interface' build argument 'cmake_clean_first' from command line to 'False'
[0.380s] Level 5:colcon.colcon_core.verb:set package 'behavior_interface' build argument 'cmake_force_configure' from command line to 'False'
[0.380s] Level 5:colcon.colcon_core.verb:set package 'behavior_interface' build argument 'ament_cmake_args' from command line to 'None'
[0.380s] Level 5:colcon.colcon_core.verb:set package 'behavior_interface' build argument 'catkin_cmake_args' from command line to 'None'
[0.380s] Level 5:colcon.colcon_core.verb:set package 'behavior_interface' build argument 'catkin_skip_building_tests' from command line to 'False'
[0.380s] DEBUG:colcon.colcon_core.verb:Building package 'behavior_interface' with the following arguments: {'ament_cmake_args': None, 'build_base': '/home/st5dronelab/Desktop/EI_drone/build/behavior_interface', 'catkin_cmake_args': None, 'catkin_skip_building_tests': False, 'cmake_args': None, 'cmake_clean_cache': False, 'cmake_clean_first': False, 'cmake_force_configure': False, 'cmake_target': None, 'cmake_target_skip_unavailable': False, 'install_base': '/home/st5dronelab/Desktop/EI_drone/install/behavior_interface', 'merge_install': False, 'path': '/home/st5dronelab/Desktop/EI_drone/ros_packages/behavior_interface', 'symlink_install': False, 'test_result_base': None}
[0.380s] Level 5:colcon.colcon_core.verb:set package 'low_level_control' build argument 'cmake_args' from command line to 'None'
[0.380s] Level 5:colcon.colcon_core.verb:set package 'low_level_control' build argument 'cmake_target' from command line to 'None'
[0.380s] Level 5:colcon.colcon_core.verb:set package 'low_level_control' build argument 'cmake_target_skip_unavailable' from command line to 'False'
[0.380s] Level 5:colcon.colcon_core.verb:set package 'low_level_control' build argument 'cmake_clean_cache' from command line to 'False'
[0.380s] Level 5:colcon.colcon_core.verb:set package 'low_level_control' build argument 'cmake_clean_first' from command line to 'False'
[0.381s] Level 5:colcon.colcon_core.verb:set package 'low_level_control' build argument 'cmake_force_configure' from command line to 'False'
[0.381s] Level 5:colcon.colcon_core.verb:set package 'low_level_control' build argument 'ament_cmake_args' from command line to 'None'
[0.381s] Level 5:colcon.colcon_core.verb:set package 'low_level_control' build argument 'catkin_cmake_args' from command line to 'None'
[0.381s] Level 5:colcon.colcon_core.verb:set package 'low_level_control' build argument 'catkin_skip_building_tests' from command line to 'False'
[0.381s] DEBUG:colcon.colcon_core.verb:Building package 'low_level_control' with the following arguments: {'ament_cmake_args': None, 'build_base': '/home/st5dronelab/Desktop/EI_drone/build/low_level_control', 'catkin_cmake_args': None, 'catkin_skip_building_tests': False, 'cmake_args': None, 'cmake_clean_cache': False, 'cmake_clean_first': False, 'cmake_force_configure': False, 'cmake_target': None, 'cmake_target_skip_unavailable': False, 'install_base': '/home/st5dronelab/Desktop/EI_drone/install/low_level_control', 'merge_install': False, 'path': '/home/st5dronelab/Desktop/EI_drone/ros_packages/low_level_control', 'symlink_install': False, 'test_result_base': None}
[0.381s] Level 5:colcon.colcon_core.verb:set package 'visual_processing' build argument 'cmake_args' from command line to 'None'
[0.381s] Level 5:colcon.colcon_core.verb:set package 'visual_processing' build argument 'cmake_target' from command line to 'None'
[0.381s] Level 5:colcon.colcon_core.verb:set package 'visual_processing' build argument 'cmake_target_skip_unavailable' from command line to 'False'
[0.381s] Level 5:colcon.colcon_core.verb:set package 'visual_processing' build argument 'cmake_clean_cache' from command line to 'False'
[0.381s] Level 5:colcon.colcon_core.verb:set package 'visual_processing' build argument 'cmake_clean_first' from command line to 'False'
[0.381s] Level 5:colcon.colcon_core.verb:set package 'visual_processing' build argument 'cmake_force_configure' from command line to 'False'
[0.381s] Level 5:colcon.colcon_core.verb:set package 'visual_processing' build argument 'ament_cmake_args' from command line to 'None'
[0.381s] Level 5:colcon.colcon_core.verb:set package 'visual_processing' build argument 'catkin_cmake_args' from command line to 'None'
[0.381s] Level 5:colcon.colcon_core.verb:set package 'visual_processing' build argument 'catkin_skip_building_tests' from command line to 'False'
[0.381s] DEBUG:colcon.colcon_core.verb:Building package 'visual_processing' with the following arguments: {'ament_cmake_args': None, 'build_base': '/home/st5dronelab/Desktop/EI_drone/build/visual_processing', 'catkin_cmake_args': None, 'catkin_skip_building_tests': False, 'cmake_args': None, 'cmake_clean_cache': False, 'cmake_clean_first': False, 'cmake_force_configure': False, 'cmake_target': None, 'cmake_target_skip_unavailable': False, 'install_base': '/home/st5dronelab/Desktop/EI_drone/install/visual_processing', 'merge_install': False, 'path': '/home/st5dronelab/Desktop/EI_drone/ros_packages/visual_processing', 'symlink_install': False, 'test_result_base': None}
[0.381s] INFO:colcon.colcon_core.executor:Executing jobs using 'parallel' executor
[0.382s] DEBUG:colcon.colcon_parallel_executor.executor.parallel:run_until_complete
[0.383s] INFO:colcon.colcon_ros.task.ament_python.build:Building ROS package in '/home/st5dronelab/Desktop/EI_drone/ros_packages/behavior' with build type 'ament_python'
[0.383s] Level 1:colcon.colcon_core.shell:create_environment_hook('behavior', 'ament_prefix_path')
[0.385s] INFO:colcon.colcon_core.plugin_system:Skipping extension 'colcon_core.shell.bat': Not used on non-Windows systems
[0.385s] INFO:colcon.colcon_core.shell:Creating environment hook '/home/st5dronelab/Desktop/EI_drone/install/behavior/share/behavior/hook/ament_prefix_path.ps1'
[0.386s] INFO:colcon.colcon_core.shell:Creating environment descriptor '/home/st5dronelab/Desktop/EI_drone/install/behavior/share/behavior/hook/ament_prefix_path.dsv'
[0.386s] INFO:colcon.colcon_core.shell:Creating environment hook '/home/st5dronelab/Desktop/EI_drone/install/behavior/share/behavior/hook/ament_prefix_path.sh'
[0.387s] INFO:colcon.colcon_core.shell:Skip shell extension 'powershell' for command environment: Not usable outside of PowerShell
[0.387s] DEBUG:colcon.colcon_core.shell:Skip shell extension 'dsv' for command environment
[0.391s] INFO:colcon.colcon_ros.task.ament_cmake.build:Building ROS package in '/home/st5dronelab/Desktop/EI_drone/ros_packages/behavior_interface' with build type 'ament_cmake'
[0.391s] INFO:colcon.colcon_cmake.task.cmake.build:Building CMake package in '/home/st5dronelab/Desktop/EI_drone/ros_packages/behavior_interface'
[0.391s] INFO:colcon.colcon_core.shell:Skip shell extension 'powershell' for command environment: Not usable outside of PowerShell
[0.391s] DEBUG:colcon.colcon_core.shell:Skip shell extension 'dsv' for command environment
[0.395s] INFO:colcon.colcon_ros.task.ament_python.build:Building ROS package in '/home/st5dronelab/Desktop/EI_drone/ros_packages/low_level_control' with build type 'ament_python'
[0.395s] Level 1:colcon.colcon_core.shell:create_environment_hook('low_level_control', 'ament_prefix_path')
[0.396s] INFO:colcon.colcon_core.shell:Creating environment hook '/home/st5dronelab/Desktop/EI_drone/install/low_level_control/share/low_level_control/hook/ament_prefix_path.ps1'
[0.397s] INFO:colcon.colcon_core.shell:Creating environment descriptor '/home/st5dronelab/Desktop/EI_drone/install/low_level_control/share/low_level_control/hook/ament_prefix_path.dsv'
[0.398s] INFO:colcon.colcon_core.shell:Creating environment hook '/home/st5dronelab/Desktop/EI_drone/install/low_level_control/share/low_level_control/hook/ament_prefix_path.sh'
[0.398s] INFO:colcon.colcon_core.shell:Skip shell extension 'powershell' for command environment: Not usable outside of PowerShell
[0.398s] DEBUG:colcon.colcon_core.shell:Skip shell extension 'dsv' for command environment
[0.402s] INFO:colcon.colcon_ros.task.ament_python.build:Building ROS package in '/home/st5dronelab/Desktop/EI_drone/ros_packages/visual_processing' with build type 'ament_python'
[0.402s] Level 1:colcon.colcon_core.shell:create_environment_hook('visual_processing', 'ament_prefix_path')
[0.402s] INFO:colcon.colcon_core.shell:Creating environment hook '/home/st5dronelab/Desktop/EI_drone/install/visual_processing/share/visual_processing/hook/ament_prefix_path.ps1'
[0.403s] INFO:colcon.colcon_core.shell:Creating environment descriptor '/home/st5dronelab/Desktop/EI_drone/install/visual_processing/share/visual_processing/hook/ament_prefix_path.dsv'
[0.403s] INFO:colcon.colcon_core.shell:Creating environment hook '/home/st5dronelab/Desktop/EI_drone/install/visual_processing/share/visual_processing/hook/ament_prefix_path.sh'
[0.404s] INFO:colcon.colcon_core.shell:Skip shell extension 'powershell' for command environment: Not usable outside of PowerShell
[0.404s] DEBUG:colcon.colcon_core.shell:Skip shell extension 'dsv' for command environment
[0.674s] INFO:colcon.colcon_core.task.python.build:Building Python package in '/home/st5dronelab/Desktop/EI_drone/ros_packages/behavior'
[0.674s] INFO:colcon.colcon_core.shell:Skip shell extension 'powershell' for command environment: Not usable outside of PowerShell
[0.674s] DEBUG:colcon.colcon_core.shell:Skip shell extension 'dsv' for command environment
[0.681s] DEBUG:colcon.colcon_core.event_handler.log_command:Invoking command in '/home/st5dronelab/Desktop/EI_drone/build/behavior_interface': CMAKE_PREFIX_PATH=${CMAKE_PREFIX_PATH}:/home/st5dronelab/Desktop/Mars_workspace/install/visual_processing:/home/st5dronelab/Desktop/Mars_workspace/install/low_level_control:/home/st5dronelab/Desktop/Mars_workspace/install/behavior:/home/st5dronelab/ros2_ws/install/vanishing_turtlebot:/opt/ros/humble /usr/bin/cmake /home/st5dronelab/Desktop/EI_drone/ros_packages/behavior_interface -DCMAKE_INSTALL_PREFIX=/home/st5dronelab/Desktop/EI_drone/install/behavior_interface
[0.966s] INFO:colcon.colcon_core.task.python.build:Building Python package in '/home/st5dronelab/Desktop/EI_drone/ros_packages/low_level_control'
[0.966s] INFO:colcon.colcon_core.shell:Skip shell extension 'powershell' for command environment: Not usable outside of PowerShell
[0.966s] DEBUG:colcon.colcon_core.shell:Skip shell extension 'dsv' for command environment
[1.249s] INFO:colcon.colcon_core.task.python.build:Building Python package in '/home/st5dronelab/Desktop/EI_drone/ros_packages/visual_processing'
[1.250s] INFO:colcon.colcon_core.shell:Skip shell extension 'powershell' for command environment: Not usable outside of PowerShell
[1.250s] DEBUG:colcon.colcon_core.shell:Skip shell extension 'dsv' for command environment
[1.680s] DEBUG:colcon.colcon_core.event_handler.log_command:Invoking command in '/home/st5dronelab/Desktop/EI_drone/ros_packages/visual_processing': PYTHONPATH=/home/st5dronelab/Desktop/EI_drone/build/visual_processing/prefix_override:/usr/lib/python3/dist-packages/colcon_core/task/python/colcon_distutils_commands:/home/st5dronelab/Desktop/EI_drone/install/visual_processing/lib/python3.10/site-packages:${PYTHONPATH} /usr/bin/python3 -W ignore:setup.py install is deprecated setup.py egg_info --egg-base ../../build/visual_processing build --build-base /home/st5dronelab/Desktop/EI_drone/build/visual_processing/build install --record /home/st5dronelab/Desktop/EI_drone/build/visual_processing/install.log --single-version-externally-managed install_data
[1.686s] DEBUG:colcon.colcon_core.event_handler.log_command:Invoking command in '/home/st5dronelab/Desktop/EI_drone/ros_packages/behavior': PYTHONPATH=/home/st5dronelab/Desktop/EI_drone/build/behavior/prefix_override:/usr/lib/python3/dist-packages/colcon_core/task/python/colcon_distutils_commands:/home/st5dronelab/Desktop/EI_drone/install/behavior/lib/python3.10/site-packages:${PYTHONPATH} /usr/bin/python3 -W ignore:setup.py install is deprecated setup.py egg_info --egg-base ../../build/behavior build --build-base /home/st5dronelab/Desktop/EI_drone/build/behavior/build install --record /home/st5dronelab/Desktop/EI_drone/build/behavior/install.log --single-version-externally-managed install_data
[1.719s] DEBUG:colcon.colcon_core.event_handler.log_command:Invoking command in '/home/st5dronelab/Desktop/EI_drone/ros_packages/low_level_control': PYTHONPATH=/home/st5dronelab/Desktop/EI_drone/build/low_level_control/prefix_override:/usr/lib/python3/dist-packages/colcon_core/task/python/colcon_distutils_commands:/home/st5dronelab/Desktop/EI_drone/install/low_level_control/lib/python3.10/site-packages:${PYTHONPATH} /usr/bin/python3 -W ignore:setup.py install is deprecated setup.py egg_info --egg-base ../../build/low_level_control build --build-base /home/st5dronelab/Desktop/EI_drone/build/low_level_control/build install --record /home/st5dronelab/Desktop/EI_drone/build/low_level_control/install.log --single-version-externally-managed install_data
[2.045s] DEBUG:colcon.colcon_core.event_handler.log_command:Invoked command in '/home/st5dronelab/Desktop/EI_drone/ros_packages/visual_processing' returned '0': PYTHONPATH=/home/st5dronelab/Desktop/EI_drone/build/visual_processing/prefix_override:/usr/lib/python3/dist-packages/colcon_core/task/python/colcon_distutils_commands:/home/st5dronelab/Desktop/EI_drone/install/visual_processing/lib/python3.10/site-packages:${PYTHONPATH} /usr/bin/python3 -W ignore:setup.py install is deprecated setup.py egg_info --egg-base ../../build/visual_processing build --build-base /home/st5dronelab/Desktop/EI_drone/build/visual_processing/build install --record /home/st5dronelab/Desktop/EI_drone/build/visual_processing/install.log --single-version-externally-managed install_data
[2.050s] Level 1:colcon.colcon_core.environment:checking '/home/st5dronelab/Desktop/EI_drone/install/visual_processing' for CMake module files
[2.051s] Level 1:colcon.colcon_core.environment:checking '/home/st5dronelab/Desktop/EI_drone/install/visual_processing' for CMake config files
[2.052s] Level 1:colcon.colcon_core.environment:checking '/home/st5dronelab/Desktop/EI_drone/install/visual_processing/lib'
[2.052s] Level 1:colcon.colcon_core.environment:checking '/home/st5dronelab/Desktop/EI_drone/install/visual_processing/bin'
[2.052s] Level 1:colcon.colcon_core.environment:checking '/home/st5dronelab/Desktop/EI_drone/install/visual_processing/lib/pkgconfig/visual_processing.pc'
[2.053s] Level 1:colcon.colcon_core.environment:checking '/home/st5dronelab/Desktop/EI_drone/install/visual_processing/lib/python3.10/site-packages'
[2.053s] Level 1:colcon.colcon_core.shell:create_environment_hook('visual_processing', 'pythonpath')
[2.053s] INFO:colcon.colcon_core.shell:Creating environment hook '/home/st5dronelab/Desktop/EI_drone/install/visual_processing/share/visual_processing/hook/pythonpath.ps1'
[2.054s] INFO:colcon.colcon_core.shell:Creating environment descriptor '/home/st5dronelab/Desktop/EI_drone/install/visual_processing/share/visual_processing/hook/pythonpath.dsv'
[2.054s] INFO:colcon.colcon_core.shell:Creating environment hook '/home/st5dronelab/Desktop/EI_drone/install/visual_processing/share/visual_processing/hook/pythonpath.sh'
[2.055s] Level 1:colcon.colcon_core.environment:checking '/home/st5dronelab/Desktop/EI_drone/install/visual_processing/bin'
[2.055s] Level 1:colcon.colcon_core.environment:create_environment_scripts_only(visual_processing)
[2.055s] INFO:colcon.colcon_core.shell:Creating package script '/home/st5dronelab/Desktop/EI_drone/install/visual_processing/share/visual_processing/package.ps1'
[2.057s] INFO:colcon.colcon_core.shell:Creating package descriptor '/home/st5dronelab/Desktop/EI_drone/install/visual_processing/share/visual_processing/package.dsv'
[2.057s] INFO:colcon.colcon_core.shell:Creating package script '/home/st5dronelab/Desktop/EI_drone/install/visual_processing/share/visual_processing/package.sh'
[2.058s] INFO:colcon.colcon_core.shell:Creating package script '/home/st5dronelab/Desktop/EI_drone/install/visual_processing/share/visual_processing/package.bash'
[2.061s] INFO:colcon.colcon_core.shell:Creating package script '/home/st5dronelab/Desktop/EI_drone/install/visual_processing/share/visual_processing/package.zsh'
[2.061s] Level 1:colcon.colcon_core.environment:create_file_with_runtime_dependencies(/home/st5dronelab/Desktop/EI_drone/install/visual_processing/share/colcon-core/packages/visual_processing)
[2.065s] Level 1:colcon.colcon_core.environment:checking '/home/st5dronelab/Desktop/EI_drone/install/behavior' for CMake module files
[2.066s] DEBUG:colcon.colcon_core.event_handler.log_command:Invoked command in '/home/st5dronelab/Desktop/EI_drone/ros_packages/behavior' returned '0': PYTHONPATH=/home/st5dronelab/Desktop/EI_drone/build/behavior/prefix_override:/usr/lib/python3/dist-packages/colcon_core/task/python/colcon_distutils_commands:/home/st5dronelab/Desktop/EI_drone/install/behavior/lib/python3.10/site-packages:${PYTHONPATH} /usr/bin/python3 -W ignore:setup.py install is deprecated setup.py egg_info --egg-base ../../build/behavior build --build-base /home/st5dronelab/Desktop/EI_drone/build/behavior/build install --record /home/st5dronelab/Desktop/EI_drone/build/behavior/install.log --single-version-externally-managed install_data
[2.067s] Level 1:colcon.colcon_core.environment:checking '/home/st5dronelab/Desktop/EI_drone/install/behavior' for CMake config files
[2.067s] Level 1:colcon.colcon_core.environment:checking '/home/st5dronelab/Desktop/EI_drone/install/behavior/lib'
[2.067s] Level 1:colcon.colcon_core.environment:checking '/home/st5dronelab/Desktop/EI_drone/install/behavior/bin'
[2.068s] Level 1:colcon.colcon_core.environment:checking '/home/st5dronelab/Desktop/EI_drone/install/behavior/lib/pkgconfig/behavior.pc'
[2.068s] Level 1:colcon.colcon_core.environment:checking '/home/st5dronelab/Desktop/EI_drone/install/behavior/lib/python3.10/site-packages'
[2.068s] Level 1:colcon.colcon_core.shell:create_environment_hook('behavior', 'pythonpath')
[2.068s] INFO:colcon.colcon_core.shell:Creating environment hook '/home/st5dronelab/Desktop/EI_drone/install/behavior/share/behavior/hook/pythonpath.ps1'
[2.069s] INFO:colcon.colcon_core.shell:Creating environment descriptor '/home/st5dronelab/Desktop/EI_drone/install/behavior/share/behavior/hook/pythonpath.dsv'
[2.069s] INFO:colcon.colcon_core.shell:Creating environment hook '/home/st5dronelab/Desktop/EI_drone/install/behavior/share/behavior/hook/pythonpath.sh'
[2.070s] Level 1:colcon.colcon_core.environment:checking '/home/st5dronelab/Desktop/EI_drone/install/behavior/bin'
[2.070s] Level 1:colcon.colcon_core.environment:create_environment_scripts_only(behavior)
[2.070s] INFO:colcon.colcon_core.shell:Creating package script '/home/st5dronelab/Desktop/EI_drone/install/behavior/share/behavior/package.ps1'
[2.071s] INFO:colcon.colcon_core.shell:Creating package descriptor '/home/st5dronelab/Desktop/EI_drone/install/behavior/share/behavior/package.dsv'
[2.071s] INFO:colcon.colcon_core.shell:Creating package script '/home/st5dronelab/Desktop/EI_drone/install/behavior/share/behavior/package.sh'
[2.072s] INFO:colcon.colcon_core.shell:Creating package script '/home/st5dronelab/Desktop/EI_drone/install/behavior/share/behavior/package.bash'
[2.072s] INFO:colcon.colcon_core.shell:Creating package script '/home/st5dronelab/Desktop/EI_drone/install/behavior/share/behavior/package.zsh'
[2.072s] Level 1:colcon.colcon_core.environment:create_file_with_runtime_dependencies(/home/st5dronelab/Desktop/EI_drone/install/behavior/share/colcon-core/packages/behavior)
[2.163s] Level 1:colcon.colcon_core.environment:checking '/home/st5dronelab/Desktop/EI_drone/install/low_level_control' for CMake module files
[2.164s] DEBUG:colcon.colcon_core.event_handler.log_command:Invoked command in '/home/st5dronelab/Desktop/EI_drone/ros_packages/low_level_control' returned '0': PYTHONPATH=/home/st5dronelab/Desktop/EI_drone/build/low_level_control/prefix_override:/usr/lib/python3/dist-packages/colcon_core/task/python/colcon_distutils_commands:/home/st5dronelab/Desktop/EI_drone/install/low_level_control/lib/python3.10/site-packages:${PYTHONPATH} /usr/bin/python3 -W ignore:setup.py install is deprecated setup.py egg_info --egg-base ../../build/low_level_control build --build-base /home/st5dronelab/Desktop/EI_drone/build/low_level_control/build install --record /home/st5dronelab/Desktop/EI_drone/build/low_level_control/install.log --single-version-externally-managed install_data
[2.164s] Level 1:colcon.colcon_core.environment:checking '/home/st5dronelab/Desktop/EI_drone/install/low_level_control' for CMake config files
[2.165s] Level 1:colcon.colcon_core.environment:checking '/home/st5dronelab/Desktop/EI_drone/install/low_level_control/lib'
[2.165s] Level 1:colcon.colcon_core.environment:checking '/home/st5dronelab/Desktop/EI_drone/install/low_level_control/bin'
[2.165s] Level 1:colcon.colcon_core.environment:checking '/home/st5dronelab/Desktop/EI_drone/install/low_level_control/lib/pkgconfig/low_level_control.pc'
[2.165s] Level 1:colcon.colcon_core.environment:checking '/home/st5dronelab/Desktop/EI_drone/install/low_level_control/lib/python3.10/site-packages'
[2.165s] Level 1:colcon.colcon_core.shell:create_environment_hook('low_level_control', 'pythonpath')
[2.166s] INFO:colcon.colcon_core.shell:Creating environment hook '/home/st5dronelab/Desktop/EI_drone/install/low_level_control/share/low_level_control/hook/pythonpath.ps1'
[2.166s] INFO:colcon.colcon_core.shell:Creating environment descriptor '/home/st5dronelab/Desktop/EI_drone/install/low_level_control/share/low_level_control/hook/pythonpath.dsv'
[2.166s] INFO:colcon.colcon_core.shell:Creating environment hook '/home/st5dronelab/Desktop/EI_drone/install/low_level_control/share/low_level_control/hook/pythonpath.sh'
[2.167s] Level 1:colcon.colcon_core.environment:checking '/home/st5dronelab/Desktop/EI_drone/install/low_level_control/bin'
[2.167s] Level 1:colcon.colcon_core.environment:create_environment_scripts_only(low_level_control)
[2.167s] INFO:colcon.colcon_core.shell:Creating package script '/home/st5dronelab/Desktop/EI_drone/install/low_level_control/share/low_level_control/package.ps1'
[2.168s] INFO:colcon.colcon_core.shell:Creating package descriptor '/home/st5dronelab/Desktop/EI_drone/install/low_level_control/share/low_level_control/package.dsv'
[2.168s] INFO:colcon.colcon_core.shell:Creating package script '/home/st5dronelab/Desktop/EI_drone/install/low_level_control/share/low_level_control/package.sh'
[2.169s] INFO:colcon.colcon_core.shell:Creating package script '/home/st5dronelab/Desktop/EI_drone/install/low_level_control/share/low_level_control/package.bash'
[2.169s] INFO:colcon.colcon_core.shell:Creating package script '/home/st5dronelab/Desktop/EI_drone/install/low_level_control/share/low_level_control/package.zsh'
[2.169s] Level 1:colcon.colcon_core.environment:create_file_with_runtime_dependencies(/home/st5dronelab/Desktop/EI_drone/install/low_level_control/share/colcon-core/packages/low_level_control)
[3.094s] DEBUG:colcon.colcon_core.event_handler.log_command:Invoked command in '/home/st5dronelab/Desktop/EI_drone/build/behavior_interface' returned '0': CMAKE_PREFIX_PATH=${CMAKE_PREFIX_PATH}:/home/st5dronelab/Desktop/Mars_workspace/install/visual_processing:/home/st5dronelab/Desktop/Mars_workspace/install/low_level_control:/home/st5dronelab/Desktop/Mars_workspace/install/behavior:/home/st5dronelab/ros2_ws/install/vanishing_turtlebot:/opt/ros/humble /usr/bin/cmake /home/st5dronelab/Desktop/EI_drone/ros_packages/behavior_interface -DCMAKE_INSTALL_PREFIX=/home/st5dronelab/Desktop/EI_drone/install/behavior_interface
[3.096s] DEBUG:colcon.colcon_core.event_handler.log_command:Invoking command in '/home/st5dronelab/Desktop/EI_drone/build/behavior_interface': CMAKE_PREFIX_PATH=${CMAKE_PREFIX_PATH}:/home/st5dronelab/Desktop/Mars_workspace/install/visual_processing:/home/st5dronelab/Desktop/Mars_workspace/install/low_level_control:/home/st5dronelab/Desktop/Mars_workspace/install/behavior:/home/st5dronelab/ros2_ws/install/vanishing_turtlebot:/opt/ros/humble /usr/bin/cmake --build /home/st5dronelab/Desktop/EI_drone/build/behavior_interface -- -j8 -l8
[5.964s] DEBUG:colcon.colcon_core.event_handler.log_command:Invoked command in '/home/st5dronelab/Desktop/EI_drone/build/behavior_interface' returned '0': CMAKE_PREFIX_PATH=${CMAKE_PREFIX_PATH}:/home/st5dronelab/Desktop/Mars_workspace/install/visual_processing:/home/st5dronelab/Desktop/Mars_workspace/install/low_level_control:/home/st5dronelab/Desktop/Mars_workspace/install/behavior:/home/st5dronelab/ros2_ws/install/vanishing_turtlebot:/opt/ros/humble /usr/bin/cmake --build /home/st5dronelab/Desktop/EI_drone/build/behavior_interface -- -j8 -l8
[6.071s] DEBUG:colcon.colcon_core.event_handler.log_command:Invoking command in '/home/st5dronelab/Desktop/EI_drone/build/behavior_interface': CMAKE_PREFIX_PATH=${CMAKE_PREFIX_PATH}:/home/st5dronelab/Desktop/Mars_workspace/install/visual_processing:/home/st5dronelab/Desktop/Mars_workspace/install/low_level_control:/home/st5dronelab/Desktop/Mars_workspace/install/behavior:/home/st5dronelab/ros2_ws/install/vanishing_turtlebot:/opt/ros/humble /usr/bin/cmake --install /home/st5dronelab/Desktop/EI_drone/build/behavior_interface
[6.152s] Level 1:colcon.colcon_core.environment:create_environment_scripts_only(behavior_interface)
[6.152s] Level 1:colcon.colcon_core.environment:checking '/home/st5dronelab/Desktop/EI_drone/install/behavior_interface' for CMake module files
[6.153s] DEBUG:colcon.colcon_core.event_handler.log_command:Invoked command in '/home/st5dronelab/Desktop/EI_drone/build/behavior_interface' returned '0': CMAKE_PREFIX_PATH=${CMAKE_PREFIX_PATH}:/home/st5dronelab/Desktop/Mars_workspace/install/visual_processing:/home/st5dronelab/Desktop/Mars_workspace/install/low_level_control:/home/st5dronelab/Desktop/Mars_workspace/install/behavior:/home/st5dronelab/ros2_ws/install/vanishing_turtlebot:/opt/ros/humble /usr/bin/cmake --install /home/st5dronelab/Desktop/EI_drone/build/behavior_interface
[6.153s] Level 1:colcon.colcon_core.environment:checking '/home/st5dronelab/Desktop/EI_drone/install/behavior_interface' for CMake config files
[6.154s] Level 1:colcon.colcon_core.shell:create_environment_hook('behavior_interface', 'cmake_prefix_path')
[6.154s] INFO:colcon.colcon_core.shell:Creating environment hook '/home/st5dronelab/Desktop/EI_drone/install/behavior_interface/share/behavior_interface/hook/cmake_prefix_path.ps1'
[6.155s] INFO:colcon.colcon_core.shell:Creating environment descriptor '/home/st5dronelab/Desktop/EI_drone/install/behavior_interface/share/behavior_interface/hook/cmake_prefix_path.dsv'
[6.155s] INFO:colcon.colcon_core.shell:Creating environment hook '/home/st5dronelab/Desktop/EI_drone/install/behavior_interface/share/behavior_interface/hook/cmake_prefix_path.sh'
[6.155s] Level 1:colcon.colcon_core.environment:checking '/home/st5dronelab/Desktop/EI_drone/install/behavior_interface/lib'
[6.156s] Level 1:colcon.colcon_core.shell:create_environment_hook('behavior_interface', 'ld_library_path_lib')
[6.156s] INFO:colcon.colcon_core.shell:Creating environment hook '/home/st5dronelab/Desktop/EI_drone/install/behavior_interface/share/behavior_interface/hook/ld_library_path_lib.ps1'
[6.156s] INFO:colcon.colcon_core.shell:Creating environment descriptor '/home/st5dronelab/Desktop/EI_drone/install/behavior_interface/share/behavior_interface/hook/ld_library_path_lib.dsv'
[6.156s] INFO:colcon.colcon_core.shell:Creating environment hook '/home/st5dronelab/Desktop/EI_drone/install/behavior_interface/share/behavior_interface/hook/ld_library_path_lib.sh'
[6.157s] Level 1:colcon.colcon_core.environment:checking '/home/st5dronelab/Desktop/EI_drone/install/behavior_interface/bin'
[6.157s] Level 1:colcon.colcon_core.environment:checking '/home/st5dronelab/Desktop/EI_drone/install/behavior_interface/lib/pkgconfig/behavior_interface.pc'
[6.157s] Level 1:colcon.colcon_core.environment:checking '/home/st5dronelab/Desktop/EI_drone/install/behavior_interface/lib/python3.10/site-packages'
[6.157s] Level 1:colcon.colcon_core.environment:checking '/home/st5dronelab/Desktop/EI_drone/install/behavior_interface/bin'
[6.158s] INFO:colcon.colcon_core.shell:Creating package script '/home/st5dronelab/Desktop/EI_drone/install/behavior_interface/share/behavior_interface/package.ps1'
[6.158s] INFO:colcon.colcon_core.shell:Creating package descriptor '/home/st5dronelab/Desktop/EI_drone/install/behavior_interface/share/behavior_interface/package.dsv'
[6.158s] INFO:colcon.colcon_core.shell:Creating package script '/home/st5dronelab/Desktop/EI_drone/install/behavior_interface/share/behavior_interface/package.sh'
[6.159s] INFO:colcon.colcon_core.shell:Creating package script '/home/st5dronelab/Desktop/EI_drone/install/behavior_interface/share/behavior_interface/package.bash'
[6.159s] INFO:colcon.colcon_core.shell:Creating package script '/home/st5dronelab/Desktop/EI_drone/install/behavior_interface/share/behavior_interface/package.zsh'
[6.159s] Level 1:colcon.colcon_core.environment:create_file_with_runtime_dependencies(/home/st5dronelab/Desktop/EI_drone/install/behavior_interface/share/colcon-core/packages/behavior_interface)
[6.254s] Level 1:colcon.colcon_core.environment:create_environment_scripts_only(behavior_interface)
[6.254s] Level 1:colcon.colcon_core.environment:checking '/home/st5dronelab/Desktop/EI_drone/install/behavior_interface' for CMake module files
[6.255s] Level 1:colcon.colcon_core.environment:checking '/home/st5dronelab/Desktop/EI_drone/install/behavior_interface' for CMake config files
[6.256s] Level 1:colcon.colcon_core.shell:create_environment_hook('behavior_interface', 'cmake_prefix_path')
[6.256s] INFO:colcon.colcon_core.shell:Creating environment hook '/home/st5dronelab/Desktop/EI_drone/install/behavior_interface/share/behavior_interface/hook/cmake_prefix_path.ps1'
[6.256s] INFO:colcon.colcon_core.shell:Creating environment descriptor '/home/st5dronelab/Desktop/EI_drone/install/behavior_interface/share/behavior_interface/hook/cmake_prefix_path.dsv'
[6.257s] INFO:colcon.colcon_core.shell:Creating environment hook '/home/st5dronelab/Desktop/EI_drone/install/behavior_interface/share/behavior_interface/hook/cmake_prefix_path.sh'
[6.257s] Level 1:colcon.colcon_core.environment:checking '/home/st5dronelab/Desktop/EI_drone/install/behavior_interface/lib'
[6.257s] Level 1:colcon.colcon_core.shell:create_environment_hook('behavior_interface', 'ld_library_path_lib')
[6.257s] INFO:colcon.colcon_core.shell:Creating environment hook '/home/st5dronelab/Desktop/EI_drone/install/behavior_interface/share/behavior_interface/hook/ld_library_path_lib.ps1'
[6.258s] INFO:colcon.colcon_core.shell:Creating environment descriptor '/home/st5dronelab/Desktop/EI_drone/install/behavior_interface/share/behavior_interface/hook/ld_library_path_lib.dsv'
[6.258s] INFO:colcon.colcon_core.shell:Creating environment hook '/home/st5dronelab/Desktop/EI_drone/install/behavior_interface/share/behavior_interface/hook/ld_library_path_lib.sh'
[6.258s] Level 1:colcon.colcon_core.environment:checking '/home/st5dronelab/Desktop/EI_drone/install/behavior_interface/bin'
[6.258s] Level 1:colcon.colcon_core.environment:checking '/home/st5dronelab/Desktop/EI_drone/install/behavior_interface/lib/pkgconfig/behavior_interface.pc'
[6.259s] Level 1:colcon.colcon_core.environment:checking '/home/st5dronelab/Desktop/EI_drone/install/behavior_interface/lib/python3.10/site-packages'
[6.259s] Level 1:colcon.colcon_core.environment:checking '/home/st5dronelab/Desktop/EI_drone/install/behavior_interface/bin'
[6.259s] INFO:colcon.colcon_core.shell:Creating package script '/home/st5dronelab/Desktop/EI_drone/install/behavior_interface/share/behavior_interface/package.ps1'
[6.260s] INFO:colcon.colcon_core.shell:Creating package descriptor '/home/st5dronelab/Desktop/EI_drone/install/behavior_interface/share/behavior_interface/package.dsv'
[6.260s] INFO:colcon.colcon_core.shell:Creating package script '/home/st5dronelab/Desktop/EI_drone/install/behavior_interface/share/behavior_interface/package.sh'
[6.261s] INFO:colcon.colcon_core.shell:Creating package script '/home/st5dronelab/Desktop/EI_drone/install/behavior_interface/share/behavior_interface/package.bash'
[6.261s] INFO:colcon.colcon_core.shell:Creating package script '/home/st5dronelab/Desktop/EI_drone/install/behavior_interface/share/behavior_interface/package.zsh'
[6.261s] Level 1:colcon.colcon_core.environment:create_file_with_runtime_dependencies(/home/st5dronelab/Desktop/EI_drone/install/behavior_interface/share/colcon-core/packages/behavior_interface)
[6.262s] DEBUG:colcon.colcon_parallel_executor.executor.parallel:closing loop
[6.262s] DEBUG:colcon.colcon_parallel_executor.executor.parallel:loop closed
[6.262s] DEBUG:colcon.colcon_parallel_executor.executor.parallel:run_until_complete finished with '0'
[6.262s] DEBUG:colcon.colcon_core.event_reactor:joining thread
[6.269s] INFO:colcon.colcon_core.plugin_system:Skipping extension 'colcon_notification.desktop_notification.terminal_notifier': Not used on non-Darwin systems
[6.269s] INFO:colcon.colcon_core.plugin_system:Skipping extension 'colcon_notification.desktop_notification.win32': Not used on non-Windows systems
[6.270s] INFO:colcon.colcon_notification.desktop_notification:Sending desktop notification using 'notify2'
[6.283s] DEBUG:colcon.colcon_core.event_reactor:joined thread
[6.284s] INFO:colcon.colcon_core.shell:Creating prefix script '/home/st5dronelab/Desktop/EI_drone/install/local_setup.ps1'
[6.285s] INFO:colcon.colcon_core.shell:Creating prefix util module '/home/st5dronelab/Desktop/EI_drone/install/_local_setup_util_ps1.py'
[6.286s] INFO:colcon.colcon_core.shell:Creating prefix chain script '/home/st5dronelab/Desktop/EI_drone/install/setup.ps1'
[6.288s] INFO:colcon.colcon_core.shell:Creating prefix script '/home/st5dronelab/Desktop/EI_drone/install/local_setup.sh'
[6.289s] INFO:colcon.colcon_core.shell:Creating prefix util module '/home/st5dronelab/Desktop/EI_drone/install/_local_setup_util_sh.py'
[6.290s] INFO:colcon.colcon_core.shell:Creating prefix chain script '/home/st5dronelab/Desktop/EI_drone/install/setup.sh'
[6.292s] INFO:colcon.colcon_core.shell:Creating prefix script '/home/st5dronelab/Desktop/EI_drone/install/local_setup.bash'
[6.292s] INFO:colcon.colcon_core.shell:Creating prefix chain script '/home/st5dronelab/Desktop/EI_drone/install/setup.bash'
[6.293s] INFO:colcon.colcon_core.shell:Creating prefix script '/home/st5dronelab/Desktop/EI_drone/install/local_setup.zsh'
[6.294s] INFO:colcon.colcon_core.shell:Creating prefix chain script '/home/st5dronelab/Desktop/EI_drone/install/setup.zsh'
