[0.091s] DEBUG:colcon:Command line arguments: ['/usr/bin/colcon', 'build']
[0.091s] DEBUG:colcon:Parsed command line arguments: Namespace(log_base=None, log_level=None, verb_name='build', build_base='build', install_base='install', merge_install=False, symlink_install=False, test_result_base=None, continue_on_error=False, executor='parallel', parallel_workers=16, event_handlers=None, ignore_user_meta=False, metas=['./colcon.meta'], base_paths=['.'], packages_ignore=None, packages_ignore_regex=None, paths=None, packages_up_to=None, packages_up_to_regex=None, packages_above=None, packages_above_and_dependencies=None, packages_above_depth=None, packages_select_by_dep=None, packages_skip_by_dep=None, packages_skip_up_to=None, packages_select_build_failed=False, packages_skip_build_finished=False, packages_select_test_failures=False, packages_skip_test_passed=False, packages_select=None, packages_skip=None, packages_select_regex=None, packages_skip_regex=None, packages_start=None, packages_end=None, allow_overriding=[], cmake_args=None, cmake_target=None, cmake_target_skip_unavailable=False, cmake_clean_cache=False, cmake_clean_first=False, cmake_force_configure=False, ament_cmake_args=None, catkin_cmake_args=None, catkin_skip_building_tests=False, mixin_files=None, mixin=None, verb_parser=<colcon_mixin.mixin.mixin_argument.MixinArgumentDecorator object at 0x70cfe40b4d90>, verb_extension=<colcon_core.verb.build.BuildVerb object at 0x70cfe40b4850>, main=<bound method BuildVerb.main of <colcon_core.verb.build.BuildVerb object at 0x70cfe40b4850>>, mixin_verb=('build',))
[0.194s] Level 1:colcon.colcon_core.package_discovery:discover_packages(colcon_meta) check parameters
[0.194s] Level 1:colcon.colcon_core.package_discovery:discover_packages(recursive) check parameters
[0.194s] Level 1:colcon.colcon_core.package_discovery:discover_packages(ignore) check parameters
[0.194s] Level 1:colcon.colcon_core.package_discovery:discover_packages(path) check parameters
[0.194s] Level 1:colcon.colcon_core.package_discovery:discover_packages(colcon_meta) discover
[0.194s] Level 1:colcon.colcon_core.package_discovery:discover_packages(recursive) discover
[0.194s] INFO:colcon.colcon_core.package_discovery:Crawling recursively for packages in '/home/pierres/EI_drone/ros_packages/low_level_control'
[0.194s] Level 1:colcon.colcon_core.package_identification:_identify(.) by extensions ['ignore', 'ignore_ament_install']
[0.194s] Level 1:colcon.colcon_core.package_identification:_identify(.) by extension 'ignore'
[0.194s] Level 1:colcon.colcon_core.package_identification:_identify(.) by extension 'ignore_ament_install'
[0.194s] Level 1:colcon.colcon_core.package_identification:_identify(.) by extensions ['colcon_pkg']
[0.194s] Level 1:colcon.colcon_core.package_identification:_identify(.) by extension 'colcon_pkg'
[0.194s] Level 1:colcon.colcon_core.package_identification:_identify(.) by extensions ['colcon_meta']
[0.194s] Level 1:colcon.colcon_core.package_identification:_identify(.) by extension 'colcon_meta'
[0.194s] Level 1:colcon.colcon_core.package_identification:_identify(.) by extensions ['ros']
[0.194s] Level 1:colcon.colcon_core.package_identification:_identify(.) by extension 'ros'
[0.203s] DEBUG:colcon.colcon_core.package_identification:Package '.' with type 'ros.ament_python' and name 'low_level_control'
[0.204s] Level 1:colcon.colcon_core.package_discovery:discover_packages(recursive) using defaults
[0.204s] Level 1:colcon.colcon_core.package_discovery:discover_packages(ignore) discover
[0.204s] Level 1:colcon.colcon_core.package_discovery:discover_packages(ignore) using defaults
[0.204s] Level 1:colcon.colcon_core.package_discovery:discover_packages(path) discover
[0.204s] Level 1:colcon.colcon_core.package_discovery:discover_packages(path) using defaults
[0.217s] Level 1:colcon.colcon_core.package_discovery:discover_packages(prefix_path) check parameters
[0.217s] Level 1:colcon.colcon_core.package_discovery:discover_packages(prefix_path) discover
[0.218s] DEBUG:colcon.colcon_installed_package_information.package_discovery:Found 3 installed packages in /home/pierres/my_ros_workspace/install
[0.218s] DEBUG:colcon.colcon_installed_package_information.package_discovery:Found 300 installed packages in /opt/ros/humble
[0.219s] Level 1:colcon.colcon_core.package_discovery:discover_packages(prefix_path) using defaults
[0.248s] Level 5:colcon.colcon_core.verb:set package 'low_level_control' build argument 'cmake_args' from command line to 'None'
[0.248s] Level 5:colcon.colcon_core.verb:set package 'low_level_control' build argument 'cmake_target' from command line to 'None'
[0.248s] Level 5:colcon.colcon_core.verb:set package 'low_level_control' build argument 'cmake_target_skip_unavailable' from command line to 'False'
[0.248s] Level 5:colcon.colcon_core.verb:set package 'low_level_control' build argument 'cmake_clean_cache' from command line to 'False'
[0.248s] Level 5:colcon.colcon_core.verb:set package 'low_level_control' build argument 'cmake_clean_first' from command line to 'False'
[0.248s] Level 5:colcon.colcon_core.verb:set package 'low_level_control' build argument 'cmake_force_configure' from command line to 'False'
[0.248s] Level 5:colcon.colcon_core.verb:set package 'low_level_control' build argument 'ament_cmake_args' from command line to 'None'
[0.248s] Level 5:colcon.colcon_core.verb:set package 'low_level_control' build argument 'catkin_cmake_args' from command line to 'None'
[0.248s] Level 5:colcon.colcon_core.verb:set package 'low_level_control' build argument 'catkin_skip_building_tests' from command line to 'False'
[0.248s] DEBUG:colcon.colcon_core.verb:Building package 'low_level_control' with the following arguments: {'ament_cmake_args': None, 'build_base': '/home/pierres/EI_drone/ros_packages/low_level_control/build/low_level_control', 'catkin_cmake_args': None, 'catkin_skip_building_tests': False, 'cmake_args': None, 'cmake_clean_cache': False, 'cmake_clean_first': False, 'cmake_force_configure': False, 'cmake_target': None, 'cmake_target_skip_unavailable': False, 'install_base': '/home/pierres/EI_drone/ros_packages/low_level_control/install/low_level_control', 'merge_install': False, 'path': '/home/pierres/EI_drone/ros_packages/low_level_control', 'symlink_install': False, 'test_result_base': None}
[0.248s] INFO:colcon.colcon_core.executor:Executing jobs using 'parallel' executor
[0.249s] DEBUG:colcon.colcon_parallel_executor.executor.parallel:run_until_complete
[0.249s] INFO:colcon.colcon_ros.task.ament_python.build:Building ROS package in '/home/pierres/EI_drone/ros_packages/low_level_control' with build type 'ament_python'
[0.250s] Level 1:colcon.colcon_core.shell:create_environment_hook('low_level_control', 'ament_prefix_path')
[0.251s] INFO:colcon.colcon_core.plugin_system:Skipping extension 'colcon_core.shell.bat': Not used on non-Windows systems
[0.251s] INFO:colcon.colcon_core.shell:Creating environment hook '/home/pierres/EI_drone/ros_packages/low_level_control/install/low_level_control/share/low_level_control/hook/ament_prefix_path.ps1'
[0.252s] INFO:colcon.colcon_core.shell:Creating environment descriptor '/home/pierres/EI_drone/ros_packages/low_level_control/install/low_level_control/share/low_level_control/hook/ament_prefix_path.dsv'
[0.252s] INFO:colcon.colcon_core.shell:Creating environment hook '/home/pierres/EI_drone/ros_packages/low_level_control/install/low_level_control/share/low_level_control/hook/ament_prefix_path.sh'
[0.252s] INFO:colcon.colcon_core.shell:Skip shell extension 'powershell' for command environment: Not usable outside of PowerShell
[0.252s] DEBUG:colcon.colcon_core.shell:Skip shell extension 'dsv' for command environment
[0.431s] INFO:colcon.colcon_core.task.python.build:Building Python package in '/home/pierres/EI_drone/ros_packages/low_level_control'
[0.431s] INFO:colcon.colcon_core.shell:Skip shell extension 'powershell' for command environment: Not usable outside of PowerShell
[0.431s] DEBUG:colcon.colcon_core.shell:Skip shell extension 'dsv' for command environment
[0.662s] DEBUG:colcon.colcon_core.event_handler.log_command:Invoking command in '/home/pierres/EI_drone/ros_packages/low_level_control': PYTHONPATH=/home/pierres/EI_drone/ros_packages/low_level_control/build/low_level_control/prefix_override:/usr/lib/python3/dist-packages/colcon_core/task/python/colcon_distutils_commands:/home/pierres/EI_drone/ros_packages/low_level_control/install/low_level_control/lib/python3.10/site-packages:${PYTHONPATH} /usr/bin/python3 -W ignore:setup.py install is deprecated setup.py egg_info --egg-base build/low_level_control build --build-base /home/pierres/EI_drone/ros_packages/low_level_control/build/low_level_control/build install --record /home/pierres/EI_drone/ros_packages/low_level_control/build/low_level_control/install.log --single-version-externally-managed install_data
[0.863s] DEBUG:colcon.colcon_core.event_handler.log_command:Invoked command in '/home/pierres/EI_drone/ros_packages/low_level_control' returned '0': PYTHONPATH=/home/pierres/EI_drone/ros_packages/low_level_control/build/low_level_control/prefix_override:/usr/lib/python3/dist-packages/colcon_core/task/python/colcon_distutils_commands:/home/pierres/EI_drone/ros_packages/low_level_control/install/low_level_control/lib/python3.10/site-packages:${PYTHONPATH} /usr/bin/python3 -W ignore:setup.py install is deprecated setup.py egg_info --egg-base build/low_level_control build --build-base /home/pierres/EI_drone/ros_packages/low_level_control/build/low_level_control/build install --record /home/pierres/EI_drone/ros_packages/low_level_control/build/low_level_control/install.log --single-version-externally-managed install_data
[0.865s] Level 1:colcon.colcon_core.environment:checking '/home/pierres/EI_drone/ros_packages/low_level_control/install/low_level_control' for CMake module files
[0.866s] Level 1:colcon.colcon_core.environment:checking '/home/pierres/EI_drone/ros_packages/low_level_control/install/low_level_control' for CMake config files
[0.866s] Level 1:colcon.colcon_core.environment:checking '/home/pierres/EI_drone/ros_packages/low_level_control/install/low_level_control/lib'
[0.866s] Level 1:colcon.colcon_core.environment:checking '/home/pierres/EI_drone/ros_packages/low_level_control/install/low_level_control/bin'
[0.866s] Level 1:colcon.colcon_core.environment:checking '/home/pierres/EI_drone/ros_packages/low_level_control/install/low_level_control/lib/pkgconfig/low_level_control.pc'
[0.867s] Level 1:colcon.colcon_core.environment:checking '/home/pierres/EI_drone/ros_packages/low_level_control/install/low_level_control/lib/python3.10/site-packages'
[0.867s] Level 1:colcon.colcon_core.shell:create_environment_hook('low_level_control', 'pythonpath')
[0.867s] INFO:colcon.colcon_core.shell:Creating environment hook '/home/pierres/EI_drone/ros_packages/low_level_control/install/low_level_control/share/low_level_control/hook/pythonpath.ps1'
[0.867s] INFO:colcon.colcon_core.shell:Creating environment descriptor '/home/pierres/EI_drone/ros_packages/low_level_control/install/low_level_control/share/low_level_control/hook/pythonpath.dsv'
[0.867s] INFO:colcon.colcon_core.shell:Creating environment hook '/home/pierres/EI_drone/ros_packages/low_level_control/install/low_level_control/share/low_level_control/hook/pythonpath.sh'
[0.868s] Level 1:colcon.colcon_core.environment:checking '/home/pierres/EI_drone/ros_packages/low_level_control/install/low_level_control/bin'
[0.868s] Level 1:colcon.colcon_core.environment:create_environment_scripts_only(low_level_control)
[0.868s] INFO:colcon.colcon_core.shell:Creating package script '/home/pierres/EI_drone/ros_packages/low_level_control/install/low_level_control/share/low_level_control/package.ps1'
[0.868s] INFO:colcon.colcon_core.shell:Creating package descriptor '/home/pierres/EI_drone/ros_packages/low_level_control/install/low_level_control/share/low_level_control/package.dsv'
[0.869s] INFO:colcon.colcon_core.shell:Creating package script '/home/pierres/EI_drone/ros_packages/low_level_control/install/low_level_control/share/low_level_control/package.sh'
[0.869s] INFO:colcon.colcon_core.shell:Creating package script '/home/pierres/EI_drone/ros_packages/low_level_control/install/low_level_control/share/low_level_control/package.bash'
[0.869s] INFO:colcon.colcon_core.shell:Creating package script '/home/pierres/EI_drone/ros_packages/low_level_control/install/low_level_control/share/low_level_control/package.zsh'
[0.870s] Level 1:colcon.colcon_core.environment:create_file_with_runtime_dependencies(/home/pierres/EI_drone/ros_packages/low_level_control/install/low_level_control/share/colcon-core/packages/low_level_control)
[0.870s] DEBUG:colcon.colcon_parallel_executor.executor.parallel:closing loop
[0.870s] DEBUG:colcon.colcon_parallel_executor.executor.parallel:loop closed
[0.870s] DEBUG:colcon.colcon_parallel_executor.executor.parallel:run_until_complete finished with '0'
[0.871s] DEBUG:colcon.colcon_core.event_reactor:joining thread
[0.874s] INFO:colcon.colcon_core.plugin_system:Skipping extension 'colcon_notification.desktop_notification.terminal_notifier': Not used on non-Darwin systems
[0.874s] INFO:colcon.colcon_core.plugin_system:Skipping extension 'colcon_notification.desktop_notification.win32': Not used on non-Windows systems
[0.874s] INFO:colcon.colcon_notification.desktop_notification:Sending desktop notification using 'notify2'
[0.882s] DEBUG:colcon.colcon_core.event_reactor:joined thread
[0.882s] INFO:colcon.colcon_core.shell:Creating prefix script '/home/pierres/EI_drone/ros_packages/low_level_control/install/local_setup.ps1'
[0.883s] INFO:colcon.colcon_core.shell:Creating prefix util module '/home/pierres/EI_drone/ros_packages/low_level_control/install/_local_setup_util_ps1.py'
[0.884s] INFO:colcon.colcon_core.shell:Creating prefix chain script '/home/pierres/EI_drone/ros_packages/low_level_control/install/setup.ps1'
[0.885s] INFO:colcon.colcon_core.shell:Creating prefix script '/home/pierres/EI_drone/ros_packages/low_level_control/install/local_setup.sh'
[0.885s] INFO:colcon.colcon_core.shell:Creating prefix util module '/home/pierres/EI_drone/ros_packages/low_level_control/install/_local_setup_util_sh.py'
[0.885s] INFO:colcon.colcon_core.shell:Creating prefix chain script '/home/pierres/EI_drone/ros_packages/low_level_control/install/setup.sh'
[0.886s] INFO:colcon.colcon_core.shell:Creating prefix script '/home/pierres/EI_drone/ros_packages/low_level_control/install/local_setup.bash'
[0.886s] INFO:colcon.colcon_core.shell:Creating prefix chain script '/home/pierres/EI_drone/ros_packages/low_level_control/install/setup.bash'
[0.887s] INFO:colcon.colcon_core.shell:Creating prefix script '/home/pierres/EI_drone/ros_packages/low_level_control/install/local_setup.zsh'
[0.887s] INFO:colcon.colcon_core.shell:Creating prefix chain script '/home/pierres/EI_drone/ros_packages/low_level_control/install/setup.zsh'
