[0.289s] Invoking command in '/home/st5dronelab/Desktop/EI_drone/build/behavior_interface': CMAKE_PREFIX_PATH=${CMAKE_PREFIX_PATH}:/home/st5dronelab/Desktop/Mars_workspace/install/visual_processing:/home/st5dronelab/Desktop/Mars_workspace/install/low_level_control:/home/st5dronelab/Desktop/Mars_workspace/install/behavior:/home/st5dronelab/ros2_ws/install/vanishing_turtlebot:/opt/ros/humble /usr/bin/cmake /home/st5dronelab/Desktop/EI_drone/ros_packages/behavior_interface -DCMAKE_INSTALL_PREFIX=/home/st5dronelab/Desktop/EI_drone/install/behavior_interface
[0.649s] -- The C compiler identification is GNU 11.4.0
[0.792s] -- The CXX compiler identification is GNU 11.4.0
[0.812s] -- Detecting C compiler ABI info
[0.904s] -- Detecting C compiler ABI info - done
[0.921s] -- Check for working C compiler: /usr/bin/cc - skipped
[0.921s] -- Detecting C compile features
[0.923s] -- Detecting C compile features - done
[0.928s] -- Detecting CXX compiler ABI info
[1.027s] -- Detecting CXX compiler ABI info - done
[1.036s] -- Check for working CXX compiler: /usr/bin/c++ - skipped
[1.037s] -- Detecting CXX compile features
[1.038s] -- Detecting CXX compile features - done
[1.054s] -- Found ament_cmake: 1.3.10 (/opt/ros/humble/share/ament_cmake/cmake)
[1.261s] -- Found Python3: /usr/bin/python3 (found version "3.10.12") found components: Interpreter 
[1.458s] -- Found rosidl_default_generators: 1.2.0 (/opt/ros/humble/share/rosidl_default_generators/cmake)
[1.466s] -- Using all available rosidl_typesupport_c: rosidl_typesupport_fastrtps_c;rosidl_typesupport_introspection_c
[1.479s] -- Found rosidl_adapter: 3.1.5 (/opt/ros/humble/share/rosidl_adapter/cmake)
[1.562s] -- Using all available rosidl_typesupport_cpp: rosidl_typesupport_fastrtps_cpp;rosidl_typesupport_introspection_cpp
[1.967s] -- Found ament_cmake_ros: 0.10.0 (/opt/ros/humble/share/ament_cmake_ros/cmake)
[2.175s] -- Using all available rosidl_typesupport_c: rosidl_typesupport_fastrtps_c;rosidl_typesupport_introspection_c
[2.442s] -- Using all available rosidl_typesupport_cpp: rosidl_typesupport_fastrtps_cpp;rosidl_typesupport_introspection_cpp
[2.470s] -- Found PythonInterp: /usr/bin/python3 (found suitable version "3.10.12", minimum required is "3.6") 
[2.473s] -- Found python_cmake_module: 0.10.0 (/opt/ros/humble/share/python_cmake_module/cmake)
[2.505s] -- Found PythonLibs: /usr/lib/x86_64-linux-gnu/libpython3.10.so (found suitable version "3.10.12", minimum required is "3.5") 
[2.505s] -- Using PYTHON_EXECUTABLE: /usr/bin/python3
[2.505s] -- Using PYTHON_INCLUDE_DIRS: /usr/include/python3.10
[2.505s] -- Using PYTHON_LIBRARIES: /usr/lib/x86_64-linux-gnu/libpython3.10.so
[2.530s] -- Found PythonExtra: .so  
[2.608s] -- Found ament_lint_auto: 0.12.11 (/opt/ros/humble/share/ament_lint_auto/cmake)
[2.654s] -- Added test 'lint_cmake' to check CMake code style
[2.656s] -- Added test 'xmllint' to check XML markup files
[2.659s] -- Configuring done
[2.692s] -- Generating done
[2.695s] -- Build files have been written to: /home/st5dronelab/Desktop/EI_drone/build/behavior_interface
[2.702s] Invoked command in '/home/st5dronelab/Desktop/EI_drone/build/behavior_interface' returned '0': CMAKE_PREFIX_PATH=${CMAKE_PREFIX_PATH}:/home/st5dronelab/Desktop/Mars_workspace/install/visual_processing:/home/st5dronelab/Desktop/Mars_workspace/install/low_level_control:/home/st5dronelab/Desktop/Mars_workspace/install/behavior:/home/st5dronelab/ros2_ws/install/vanishing_turtlebot:/opt/ros/humble /usr/bin/cmake /home/st5dronelab/Desktop/EI_drone/ros_packages/behavior_interface -DCMAKE_INSTALL_PREFIX=/home/st5dronelab/Desktop/EI_drone/install/behavior_interface
[2.705s] Invoking command in '/home/st5dronelab/Desktop/EI_drone/build/behavior_interface': CMAKE_PREFIX_PATH=${CMAKE_PREFIX_PATH}:/home/st5dronelab/Desktop/Mars_workspace/install/visual_processing:/home/st5dronelab/Desktop/Mars_workspace/install/low_level_control:/home/st5dronelab/Desktop/Mars_workspace/install/behavior:/home/st5dronelab/ros2_ws/install/vanishing_turtlebot:/opt/ros/humble /usr/bin/cmake --build /home/st5dronelab/Desktop/EI_drone/build/behavior_interface -- -j8 -l8
[2.750s] [  2%] [34m[1mGenerating C code for ROS interfaces[0m
[2.762s] [  5%] [34m[1mGenerating C++ code for ROS interfaces[0m
[2.772s] [  5%] Built target ament_cmake_python_copy_behavior_interface
[3.034s] running egg_info
[3.035s] creating behavior_interface.egg-info
[3.035s] writing behavior_interface.egg-info/PKG-INFO
[3.035s] writing dependency_links to behavior_interface.egg-info/dependency_links.txt
[3.036s] writing top-level names to behavior_interface.egg-info/top_level.txt
[3.036s] writing manifest file 'behavior_interface.egg-info/SOURCES.txt'
[3.039s] reading manifest file 'behavior_interface.egg-info/SOURCES.txt'
[3.039s] writing manifest file 'behavior_interface.egg-info/SOURCES.txt'
[3.092s] [  5%] Built target ament_cmake_python_build_behavior_interface_egg
[3.102s] [  5%] Built target behavior_interface__cpp
[3.113s] [  7%] [34m[1mGenerating C++ type support dispatch for ROS interfaces[0m
[3.114s] [ 10%] [34m[1mGenerating C++ introspection for ROS interfaces[0m
[3.114s] [ 12%] [34m[1mGenerating C++ type support for eProsima Fast-RTPS[0m
[3.124s] [ 15%] [32mBuilding C object CMakeFiles/behavior_interface__rosidl_generator_c.dir/rosidl_generator_c/behavior_interface/msg/detail/behavior_status__functions.c.o[0m
[3.130s] [ 17%] [32mBuilding C object CMakeFiles/behavior_interface__rosidl_generator_c.dir/rosidl_generator_c/behavior_interface/msg/detail/command__functions.c.o[0m
[3.275s] [ 20%] [32m[1mLinking C shared library libbehavior_interface__rosidl_generator_c.so[0m
[3.315s] [ 20%] Built target behavior_interface__rosidl_generator_c
[3.328s] [ 23%] [34m[1mGenerating C type support dispatch for ROS interfaces[0m
[3.331s] [ 28%] [34m[1mGenerating C type support for eProsima Fast-RTPS[0m
[3.331s] [ 28%] [34m[1mGenerating C introspection for ROS interfaces[0m
[3.438s] [ 30%] [32mBuilding CXX object CMakeFiles/behavior_interface__rosidl_typesupport_cpp.dir/rosidl_typesupport_cpp/behavior_interface/msg/behavior_status__type_support.cpp.o[0m
[3.442s] [ 33%] [32mBuilding CXX object CMakeFiles/behavior_interface__rosidl_typesupport_cpp.dir/rosidl_typesupport_cpp/behavior_interface/msg/command__type_support.cpp.o[0m
[3.580s] [ 35%] [32mBuilding CXX object CMakeFiles/behavior_interface__rosidl_typesupport_fastrtps_cpp.dir/rosidl_typesupport_fastrtps_cpp/behavior_interface/msg/detail/dds_fastrtps/command__type_support.cpp.o[0m
[3.581s] [ 38%] [32mBuilding CXX object CMakeFiles/behavior_interface__rosidl_typesupport_fastrtps_cpp.dir/rosidl_typesupport_fastrtps_cpp/behavior_interface/msg/detail/dds_fastrtps/behavior_status__type_support.cpp.o[0m
[3.594s] [ 41%] [32mBuilding CXX object CMakeFiles/behavior_interface__rosidl_typesupport_introspection_cpp.dir/rosidl_typesupport_introspection_cpp/behavior_interface/msg/detail/behavior_status__type_support.cpp.o[0m
[3.772s] [ 43%] [32mBuilding CXX object CMakeFiles/behavior_interface__rosidl_typesupport_c.dir/rosidl_typesupport_c/behavior_interface/msg/behavior_status__type_support.cpp.o[0m
[3.833s] [ 46%] [32mBuilding CXX object CMakeFiles/behavior_interface__rosidl_typesupport_c.dir/rosidl_typesupport_c/behavior_interface/msg/command__type_support.cpp.o[0m
[3.907s] [ 48%] [32m[1mLinking CXX shared library libbehavior_interface__rosidl_typesupport_c.so[0m
[3.944s] [ 51%] [32mBuilding C object CMakeFiles/behavior_interface__rosidl_typesupport_introspection_c.dir/rosidl_typesupport_introspection_c/behavior_interface/msg/detail/behavior_status__type_support.c.o[0m
[3.961s] [ 53%] [32mBuilding CXX object CMakeFiles/behavior_interface__rosidl_typesupport_fastrtps_c.dir/rosidl_typesupport_fastrtps_c/behavior_interface/msg/detail/behavior_status__type_support_c.cpp.o[0m
[3.978s] [ 56%] [32mBuilding C object CMakeFiles/behavior_interface__rosidl_typesupport_introspection_c.dir/rosidl_typesupport_introspection_c/behavior_interface/msg/detail/command__type_support.c.o[0m
[3.984s] [ 58%] [32m[1mLinking CXX shared library libbehavior_interface__rosidl_typesupport_cpp.so[0m
[3.990s] [ 58%] Built target behavior_interface__rosidl_typesupport_c
[4.014s] [ 61%] [32mBuilding CXX object CMakeFiles/behavior_interface__rosidl_typesupport_fastrtps_c.dir/rosidl_typesupport_fastrtps_c/behavior_interface/msg/detail/command__type_support_c.cpp.o[0m
[4.025s] [ 64%] [32mBuilding CXX object CMakeFiles/behavior_interface__rosidl_typesupport_introspection_cpp.dir/rosidl_typesupport_introspection_cpp/behavior_interface/msg/detail/command__type_support.cpp.o[0m
[4.046s] [ 66%] [32m[1mLinking C shared library libbehavior_interface__rosidl_typesupport_introspection_c.so[0m
[4.064s] [ 66%] Built target behavior_interface__rosidl_typesupport_cpp
[4.103s] [ 66%] Built target behavior_interface__rosidl_typesupport_introspection_c
[4.407s] [ 69%] [32m[1mLinking CXX shared library libbehavior_interface__rosidl_typesupport_fastrtps_cpp.so[0m
[4.533s] [ 69%] Built target behavior_interface__rosidl_typesupport_fastrtps_cpp
[4.562s] [ 71%] [32m[1mLinking CXX shared library libbehavior_interface__rosidl_typesupport_fastrtps_c.so[0m
[4.621s] [ 74%] [32m[1mLinking CXX shared library libbehavior_interface__rosidl_typesupport_introspection_cpp.so[0m
[4.661s] [ 74%] Built target behavior_interface__rosidl_typesupport_fastrtps_c
[4.710s] [ 74%] Built target behavior_interface__rosidl_typesupport_introspection_cpp
[4.737s] [ 74%] Built target behavior_interface
[4.765s] [ 76%] [34m[1mGenerating Python code for ROS interfaces[0m
[5.149s] [ 76%] Built target behavior_interface__py
[5.172s] [ 82%] [32mBuilding C object CMakeFiles/behavior_interface__rosidl_generator_py.dir/rosidl_generator_py/behavior_interface/msg/_command_s.c.o[0m
[5.173s] [ 82%] [32mBuilding C object CMakeFiles/behavior_interface__rosidl_generator_py.dir/rosidl_generator_py/behavior_interface/msg/_behavior_status_s.c.o[0m
[5.336s] [ 84%] [32m[1mLinking C shared library rosidl_generator_py/behavior_interface/libbehavior_interface__rosidl_generator_py.so[0m
[5.382s] [ 84%] Built target behavior_interface__rosidl_generator_py
[5.405s] [ 92%] [32mBuilding C object CMakeFiles/behavior_interface__rosidl_typesupport_fastrtps_c__pyext.dir/rosidl_generator_py/behavior_interface/_behavior_interface_s.ep.rosidl_typesupport_fastrtps_c.c.o[0m
[5.405s] [ 92%] [32mBuilding C object CMakeFiles/behavior_interface__rosidl_typesupport_c__pyext.dir/rosidl_generator_py/behavior_interface/_behavior_interface_s.ep.rosidl_typesupport_c.c.o[0m
[5.405s] [ 92%] [32mBuilding C object CMakeFiles/behavior_interface__rosidl_typesupport_introspection_c__pyext.dir/rosidl_generator_py/behavior_interface/_behavior_interface_s.ep.rosidl_typesupport_introspection_c.c.o[0m
[5.516s] [ 97%] [32m[1mLinking C shared library rosidl_generator_py/behavior_interface/behavior_interface_s__rosidl_typesupport_c.cpython-310-x86_64-linux-gnu.so[0m
[5.516s] [ 97%] [32m[1mLinking C shared library rosidl_generator_py/behavior_interface/behavior_interface_s__rosidl_typesupport_introspection_c.cpython-310-x86_64-linux-gnu.so[0m
[5.518s] [100%] [32m[1mLinking C shared library rosidl_generator_py/behavior_interface/behavior_interface_s__rosidl_typesupport_fastrtps_c.cpython-310-x86_64-linux-gnu.so[0m
[5.556s] [100%] Built target behavior_interface__rosidl_typesupport_c__pyext
[5.556s] [100%] Built target behavior_interface__rosidl_typesupport_introspection_c__pyext
[5.558s] [100%] Built target behavior_interface__rosidl_typesupport_fastrtps_c__pyext
[5.573s] Invoked command in '/home/st5dronelab/Desktop/EI_drone/build/behavior_interface' returned '0': CMAKE_PREFIX_PATH=${CMAKE_PREFIX_PATH}:/home/st5dronelab/Desktop/Mars_workspace/install/visual_processing:/home/st5dronelab/Desktop/Mars_workspace/install/low_level_control:/home/st5dronelab/Desktop/Mars_workspace/install/behavior:/home/st5dronelab/ros2_ws/install/vanishing_turtlebot:/opt/ros/humble /usr/bin/cmake --build /home/st5dronelab/Desktop/EI_drone/build/behavior_interface -- -j8 -l8
[5.680s] Invoking command in '/home/st5dronelab/Desktop/EI_drone/build/behavior_interface': CMAKE_PREFIX_PATH=${CMAKE_PREFIX_PATH}:/home/st5dronelab/Desktop/Mars_workspace/install/visual_processing:/home/st5dronelab/Desktop/Mars_workspace/install/low_level_control:/home/st5dronelab/Desktop/Mars_workspace/install/behavior:/home/st5dronelab/ros2_ws/install/vanishing_turtlebot:/opt/ros/humble /usr/bin/cmake --install /home/st5dronelab/Desktop/EI_drone/build/behavior_interface
[5.688s] -- Install configuration: ""
[5.689s] -- Installing: /home/st5dronelab/Desktop/EI_drone/install/behavior_interface/share/ament_index/resource_index/rosidl_interfaces/behavior_interface
[5.689s] -- Installing: /home/st5dronelab/Desktop/EI_drone/install/behavior_interface/include/behavior_interface/behavior_interface
[5.689s] -- Installing: /home/st5dronelab/Desktop/EI_drone/install/behavior_interface/include/behavior_interface/behavior_interface/msg
[5.689s] -- Installing: /home/st5dronelab/Desktop/EI_drone/install/behavior_interface/include/behavior_interface/behavior_interface/msg/behavior_status.h
[5.689s] -- Installing: /home/st5dronelab/Desktop/EI_drone/install/behavior_interface/include/behavior_interface/behavior_interface/msg/command.h
[5.690s] -- Installing: /home/st5dronelab/Desktop/EI_drone/install/behavior_interface/include/behavior_interface/behavior_interface/msg/detail
[5.690s] -- Installing: /home/st5dronelab/Desktop/EI_drone/install/behavior_interface/include/behavior_interface/behavior_interface/msg/detail/command__struct.h
[5.690s] -- Installing: /home/st5dronelab/Desktop/EI_drone/install/behavior_interface/include/behavior_interface/behavior_interface/msg/detail/command__type_support.h
[5.690s] -- Installing: /home/st5dronelab/Desktop/EI_drone/install/behavior_interface/include/behavior_interface/behavior_interface/msg/detail/command__functions.c
[5.690s] -- Installing: /home/st5dronelab/Desktop/EI_drone/install/behavior_interface/include/behavior_interface/behavior_interface/msg/detail/behavior_status__functions.c
[5.690s] -- Installing: /home/st5dronelab/Desktop/EI_drone/install/behavior_interface/include/behavior_interface/behavior_interface/msg/detail/behavior_status__functions.h
[5.690s] -- Installing: /home/st5dronelab/Desktop/EI_drone/install/behavior_interface/include/behavior_interface/behavior_interface/msg/detail/behavior_status__type_support.h
[5.690s] -- Installing: /home/st5dronelab/Desktop/EI_drone/install/behavior_interface/include/behavior_interface/behavior_interface/msg/detail/command__functions.h
[5.690s] -- Installing: /home/st5dronelab/Desktop/EI_drone/install/behavior_interface/include/behavior_interface/behavior_interface/msg/detail/behavior_status__struct.h
[5.691s] -- Installing: /home/st5dronelab/Desktop/EI_drone/install/behavior_interface/include/behavior_interface/behavior_interface/msg/rosidl_generator_c__visibility_control.h
[5.691s] -- Installing: /home/st5dronelab/Desktop/EI_drone/install/behavior_interface/share/behavior_interface/environment/library_path.sh
[5.691s] -- Installing: /home/st5dronelab/Desktop/EI_drone/install/behavior_interface/share/behavior_interface/environment/library_path.dsv
[5.691s] -- Installing: /home/st5dronelab/Desktop/EI_drone/install/behavior_interface/lib/libbehavior_interface__rosidl_generator_c.so
[5.692s] -- Set runtime path of "/home/st5dronelab/Desktop/EI_drone/install/behavior_interface/lib/libbehavior_interface__rosidl_generator_c.so" to ""
[5.692s] -- Up-to-date: /home/st5dronelab/Desktop/EI_drone/install/behavior_interface/include/behavior_interface/behavior_interface
[5.692s] -- Up-to-date: /home/st5dronelab/Desktop/EI_drone/install/behavior_interface/include/behavior_interface/behavior_interface/msg
[5.693s] -- Installing: /home/st5dronelab/Desktop/EI_drone/install/behavior_interface/include/behavior_interface/behavior_interface/msg/rosidl_typesupport_fastrtps_c__visibility_control.h
[5.693s] -- Up-to-date: /home/st5dronelab/Desktop/EI_drone/install/behavior_interface/include/behavior_interface/behavior_interface/msg/detail
[5.693s] -- Installing: /home/st5dronelab/Desktop/EI_drone/install/behavior_interface/include/behavior_interface/behavior_interface/msg/detail/command__rosidl_typesupport_fastrtps_c.h
[5.693s] -- Installing: /home/st5dronelab/Desktop/EI_drone/install/behavior_interface/include/behavior_interface/behavior_interface/msg/detail/behavior_status__rosidl_typesupport_fastrtps_c.h
[5.693s] -- Installing: /home/st5dronelab/Desktop/EI_drone/install/behavior_interface/lib/libbehavior_interface__rosidl_typesupport_fastrtps_c.so
[5.693s] -- Set runtime path of "/home/st5dronelab/Desktop/EI_drone/install/behavior_interface/lib/libbehavior_interface__rosidl_typesupport_fastrtps_c.so" to ""
[5.694s] -- Up-to-date: /home/st5dronelab/Desktop/EI_drone/install/behavior_interface/include/behavior_interface/behavior_interface
[5.694s] -- Up-to-date: /home/st5dronelab/Desktop/EI_drone/install/behavior_interface/include/behavior_interface/behavior_interface/msg
[5.694s] -- Installing: /home/st5dronelab/Desktop/EI_drone/install/behavior_interface/include/behavior_interface/behavior_interface/msg/rosidl_typesupport_introspection_c__visibility_control.h
[5.694s] -- Up-to-date: /home/st5dronelab/Desktop/EI_drone/install/behavior_interface/include/behavior_interface/behavior_interface/msg/detail
[5.694s] -- Installing: /home/st5dronelab/Desktop/EI_drone/install/behavior_interface/include/behavior_interface/behavior_interface/msg/detail/command__rosidl_typesupport_introspection_c.h
[5.694s] -- Installing: /home/st5dronelab/Desktop/EI_drone/install/behavior_interface/include/behavior_interface/behavior_interface/msg/detail/behavior_status__type_support.c
[5.694s] -- Installing: /home/st5dronelab/Desktop/EI_drone/install/behavior_interface/include/behavior_interface/behavior_interface/msg/detail/behavior_status__rosidl_typesupport_introspection_c.h
[5.695s] -- Installing: /home/st5dronelab/Desktop/EI_drone/install/behavior_interface/include/behavior_interface/behavior_interface/msg/detail/command__type_support.c
[5.695s] -- Installing: /home/st5dronelab/Desktop/EI_drone/install/behavior_interface/lib/libbehavior_interface__rosidl_typesupport_introspection_c.so
[5.695s] -- Set runtime path of "/home/st5dronelab/Desktop/EI_drone/install/behavior_interface/lib/libbehavior_interface__rosidl_typesupport_introspection_c.so" to ""
[5.695s] -- Installing: /home/st5dronelab/Desktop/EI_drone/install/behavior_interface/lib/libbehavior_interface__rosidl_typesupport_c.so
[5.696s] -- Set runtime path of "/home/st5dronelab/Desktop/EI_drone/install/behavior_interface/lib/libbehavior_interface__rosidl_typesupport_c.so" to ""
[5.696s] -- Up-to-date: /home/st5dronelab/Desktop/EI_drone/install/behavior_interface/include/behavior_interface/behavior_interface
[5.696s] -- Up-to-date: /home/st5dronelab/Desktop/EI_drone/install/behavior_interface/include/behavior_interface/behavior_interface/msg
[5.696s] -- Installing: /home/st5dronelab/Desktop/EI_drone/install/behavior_interface/include/behavior_interface/behavior_interface/msg/command.hpp
[5.696s] -- Up-to-date: /home/st5dronelab/Desktop/EI_drone/install/behavior_interface/include/behavior_interface/behavior_interface/msg/detail
[5.696s] -- Installing: /home/st5dronelab/Desktop/EI_drone/install/behavior_interface/include/behavior_interface/behavior_interface/msg/detail/behavior_status__struct.hpp
[5.697s] -- Installing: /home/st5dronelab/Desktop/EI_drone/install/behavior_interface/include/behavior_interface/behavior_interface/msg/detail/command__traits.hpp
[5.697s] -- Installing: /home/st5dronelab/Desktop/EI_drone/install/behavior_interface/include/behavior_interface/behavior_interface/msg/detail/behavior_status__builder.hpp
[5.697s] -- Installing: /home/st5dronelab/Desktop/EI_drone/install/behavior_interface/include/behavior_interface/behavior_interface/msg/detail/command__builder.hpp
[5.697s] -- Installing: /home/st5dronelab/Desktop/EI_drone/install/behavior_interface/include/behavior_interface/behavior_interface/msg/detail/command__struct.hpp
[5.697s] -- Installing: /home/st5dronelab/Desktop/EI_drone/install/behavior_interface/include/behavior_interface/behavior_interface/msg/detail/behavior_status__traits.hpp
[5.697s] -- Installing: /home/st5dronelab/Desktop/EI_drone/install/behavior_interface/include/behavior_interface/behavior_interface/msg/behavior_status.hpp
[5.697s] -- Up-to-date: /home/st5dronelab/Desktop/EI_drone/install/behavior_interface/include/behavior_interface/behavior_interface
[5.698s] -- Up-to-date: /home/st5dronelab/Desktop/EI_drone/install/behavior_interface/include/behavior_interface/behavior_interface/msg
[5.698s] -- Installing: /home/st5dronelab/Desktop/EI_drone/install/behavior_interface/include/behavior_interface/behavior_interface/msg/rosidl_typesupport_fastrtps_cpp__visibility_control.h
[5.698s] -- Up-to-date: /home/st5dronelab/Desktop/EI_drone/install/behavior_interface/include/behavior_interface/behavior_interface/msg/detail
[5.698s] -- Installing: /home/st5dronelab/Desktop/EI_drone/install/behavior_interface/include/behavior_interface/behavior_interface/msg/detail/command__rosidl_typesupport_fastrtps_cpp.hpp
[5.698s] -- Installing: /home/st5dronelab/Desktop/EI_drone/install/behavior_interface/include/behavior_interface/behavior_interface/msg/detail/behavior_status__rosidl_typesupport_fastrtps_cpp.hpp
[5.698s] -- Installing: /home/st5dronelab/Desktop/EI_drone/install/behavior_interface/include/behavior_interface/behavior_interface/msg/detail/dds_fastrtps
[5.698s] -- Installing: /home/st5dronelab/Desktop/EI_drone/install/behavior_interface/lib/libbehavior_interface__rosidl_typesupport_fastrtps_cpp.so
[5.699s] -- Set runtime path of "/home/st5dronelab/Desktop/EI_drone/install/behavior_interface/lib/libbehavior_interface__rosidl_typesupport_fastrtps_cpp.so" to ""
[5.699s] -- Up-to-date: /home/st5dronelab/Desktop/EI_drone/install/behavior_interface/include/behavior_interface/behavior_interface
[5.699s] -- Up-to-date: /home/st5dronelab/Desktop/EI_drone/install/behavior_interface/include/behavior_interface/behavior_interface/msg
[5.699s] -- Up-to-date: /home/st5dronelab/Desktop/EI_drone/install/behavior_interface/include/behavior_interface/behavior_interface/msg/detail
[5.700s] -- Installing: /home/st5dronelab/Desktop/EI_drone/install/behavior_interface/include/behavior_interface/behavior_interface/msg/detail/command__rosidl_typesupport_introspection_cpp.hpp
[5.700s] -- Installing: /home/st5dronelab/Desktop/EI_drone/install/behavior_interface/include/behavior_interface/behavior_interface/msg/detail/behavior_status__type_support.cpp
[5.700s] -- Installing: /home/st5dronelab/Desktop/EI_drone/install/behavior_interface/include/behavior_interface/behavior_interface/msg/detail/behavior_status__rosidl_typesupport_introspection_cpp.hpp
[5.700s] -- Installing: /home/st5dronelab/Desktop/EI_drone/install/behavior_interface/include/behavior_interface/behavior_interface/msg/detail/command__type_support.cpp
[5.700s] -- Installing: /home/st5dronelab/Desktop/EI_drone/install/behavior_interface/lib/libbehavior_interface__rosidl_typesupport_introspection_cpp.so
[5.701s] -- Set runtime path of "/home/st5dronelab/Desktop/EI_drone/install/behavior_interface/lib/libbehavior_interface__rosidl_typesupport_introspection_cpp.so" to ""
[5.701s] -- Installing: /home/st5dronelab/Desktop/EI_drone/install/behavior_interface/lib/libbehavior_interface__rosidl_typesupport_cpp.so
[5.701s] -- Set runtime path of "/home/st5dronelab/Desktop/EI_drone/install/behavior_interface/lib/libbehavior_interface__rosidl_typesupport_cpp.so" to ""
[5.702s] -- Installing: /home/st5dronelab/Desktop/EI_drone/install/behavior_interface/share/behavior_interface/environment/pythonpath.sh
[5.702s] -- Installing: /home/st5dronelab/Desktop/EI_drone/install/behavior_interface/share/behavior_interface/environment/pythonpath.dsv
[5.702s] -- Installing: /home/st5dronelab/Desktop/EI_drone/install/behavior_interface/local/lib/python3.10/dist-packages/behavior_interface-0.0.0-py3.10.egg-info
[5.702s] -- Installing: /home/st5dronelab/Desktop/EI_drone/install/behavior_interface/local/lib/python3.10/dist-packages/behavior_interface-0.0.0-py3.10.egg-info/dependency_links.txt
[5.702s] -- Installing: /home/st5dronelab/Desktop/EI_drone/install/behavior_interface/local/lib/python3.10/dist-packages/behavior_interface-0.0.0-py3.10.egg-info/PKG-INFO
[5.703s] -- Installing: /home/st5dronelab/Desktop/EI_drone/install/behavior_interface/local/lib/python3.10/dist-packages/behavior_interface-0.0.0-py3.10.egg-info/top_level.txt
[5.703s] -- Installing: /home/st5dronelab/Desktop/EI_drone/install/behavior_interface/local/lib/python3.10/dist-packages/behavior_interface-0.0.0-py3.10.egg-info/SOURCES.txt
[5.703s] -- Installing: /home/st5dronelab/Desktop/EI_drone/install/behavior_interface/local/lib/python3.10/dist-packages/behavior_interface
[5.703s] -- Installing: /home/st5dronelab/Desktop/EI_drone/install/behavior_interface/local/lib/python3.10/dist-packages/behavior_interface/behavior_interface_s__rosidl_typesupport_introspection_c.cpython-310-x86_64-linux-gnu.so
[5.703s] -- Installing: /home/st5dronelab/Desktop/EI_drone/install/behavior_interface/local/lib/python3.10/dist-packages/behavior_interface/msg
[5.703s] -- Installing: /home/st5dronelab/Desktop/EI_drone/install/behavior_interface/local/lib/python3.10/dist-packages/behavior_interface/msg/_command_s.c
[5.704s] -- Installing: /home/st5dronelab/Desktop/EI_drone/install/behavior_interface/local/lib/python3.10/dist-packages/behavior_interface/msg/_behavior_status_s.c
[5.704s] -- Installing: /home/st5dronelab/Desktop/EI_drone/install/behavior_interface/local/lib/python3.10/dist-packages/behavior_interface/msg/_command.py
[5.704s] -- Installing: /home/st5dronelab/Desktop/EI_drone/install/behavior_interface/local/lib/python3.10/dist-packages/behavior_interface/msg/_behavior_status.py
[5.704s] -- Installing: /home/st5dronelab/Desktop/EI_drone/install/behavior_interface/local/lib/python3.10/dist-packages/behavior_interface/msg/__init__.py
[5.704s] -- Installing: /home/st5dronelab/Desktop/EI_drone/install/behavior_interface/local/lib/python3.10/dist-packages/behavior_interface/behavior_interface_s__rosidl_typesupport_fastrtps_c.cpython-310-x86_64-linux-gnu.so
[5.704s] -- Installing: /home/st5dronelab/Desktop/EI_drone/install/behavior_interface/local/lib/python3.10/dist-packages/behavior_interface/_behavior_interface_s.ep.rosidl_typesupport_fastrtps_c.c
[5.704s] -- Installing: /home/st5dronelab/Desktop/EI_drone/install/behavior_interface/local/lib/python3.10/dist-packages/behavior_interface/_behavior_interface_s.ep.rosidl_typesupport_c.c
[5.704s] -- Installing: /home/st5dronelab/Desktop/EI_drone/install/behavior_interface/local/lib/python3.10/dist-packages/behavior_interface/_behavior_interface_s.ep.rosidl_typesupport_introspection_c.c
[5.704s] -- Installing: /home/st5dronelab/Desktop/EI_drone/install/behavior_interface/local/lib/python3.10/dist-packages/behavior_interface/libbehavior_interface__rosidl_generator_py.so
[5.704s] -- Installing: /home/st5dronelab/Desktop/EI_drone/install/behavior_interface/local/lib/python3.10/dist-packages/behavior_interface/behavior_interface_s__rosidl_typesupport_c.cpython-310-x86_64-linux-gnu.so
[5.705s] -- Installing: /home/st5dronelab/Desktop/EI_drone/install/behavior_interface/local/lib/python3.10/dist-packages/behavior_interface/__init__.py
[5.744s] Listing '/home/st5dronelab/Desktop/EI_drone/install/behavior_interface/local/lib/python3.10/dist-packages/behavior_interface'...
[5.744s] Compiling '/home/st5dronelab/Desktop/EI_drone/install/behavior_interface/local/lib/python3.10/dist-packages/behavior_interface/__init__.py'...
[5.744s] Listing '/home/st5dronelab/Desktop/EI_drone/install/behavior_interface/local/lib/python3.10/dist-packages/behavior_interface/msg'...
[5.744s] Compiling '/home/st5dronelab/Desktop/EI_drone/install/behavior_interface/local/lib/python3.10/dist-packages/behavior_interface/msg/__init__.py'...
[5.744s] Compiling '/home/st5dronelab/Desktop/EI_drone/install/behavior_interface/local/lib/python3.10/dist-packages/behavior_interface/msg/_behavior_status.py'...
[5.744s] Compiling '/home/st5dronelab/Desktop/EI_drone/install/behavior_interface/local/lib/python3.10/dist-packages/behavior_interface/msg/_command.py'...
[5.750s] -- Installing: /home/st5dronelab/Desktop/EI_drone/install/behavior_interface/local/lib/python3.10/dist-packages/behavior_interface/behavior_interface_s__rosidl_typesupport_fastrtps_c.cpython-310-x86_64-linux-gnu.so
[5.750s] -- Set runtime path of "/home/st5dronelab/Desktop/EI_drone/install/behavior_interface/local/lib/python3.10/dist-packages/behavior_interface/behavior_interface_s__rosidl_typesupport_fastrtps_c.cpython-310-x86_64-linux-gnu.so" to ""
[5.750s] -- Installing: /home/st5dronelab/Desktop/EI_drone/install/behavior_interface/local/lib/python3.10/dist-packages/behavior_interface/behavior_interface_s__rosidl_typesupport_introspection_c.cpython-310-x86_64-linux-gnu.so
[5.751s] -- Set runtime path of "/home/st5dronelab/Desktop/EI_drone/install/behavior_interface/local/lib/python3.10/dist-packages/behavior_interface/behavior_interface_s__rosidl_typesupport_introspection_c.cpython-310-x86_64-linux-gnu.so" to ""
[5.751s] -- Installing: /home/st5dronelab/Desktop/EI_drone/install/behavior_interface/local/lib/python3.10/dist-packages/behavior_interface/behavior_interface_s__rosidl_typesupport_c.cpython-310-x86_64-linux-gnu.so
[5.751s] -- Set runtime path of "/home/st5dronelab/Desktop/EI_drone/install/behavior_interface/local/lib/python3.10/dist-packages/behavior_interface/behavior_interface_s__rosidl_typesupport_c.cpython-310-x86_64-linux-gnu.so" to ""
[5.752s] -- Installing: /home/st5dronelab/Desktop/EI_drone/install/behavior_interface/lib/libbehavior_interface__rosidl_generator_py.so
[5.752s] -- Set runtime path of "/home/st5dronelab/Desktop/EI_drone/install/behavior_interface/lib/libbehavior_interface__rosidl_generator_py.so" to ""
[5.752s] -- Installing: /home/st5dronelab/Desktop/EI_drone/install/behavior_interface/share/behavior_interface/msg/BehaviorStatus.idl
[5.752s] -- Installing: /home/st5dronelab/Desktop/EI_drone/install/behavior_interface/share/behavior_interface/msg/Command.idl
[5.752s] -- Installing: /home/st5dronelab/Desktop/EI_drone/install/behavior_interface/share/behavior_interface/msg/BehaviorStatus.msg
[5.753s] -- Installing: /home/st5dronelab/Desktop/EI_drone/install/behavior_interface/share/behavior_interface/msg/Command.msg
[5.753s] -- Installing: /home/st5dronelab/Desktop/EI_drone/install/behavior_interface/share/ament_index/resource_index/package_run_dependencies/behavior_interface
[5.753s] -- Installing: /home/st5dronelab/Desktop/EI_drone/install/behavior_interface/share/ament_index/resource_index/parent_prefix_path/behavior_interface
[5.753s] -- Installing: /home/st5dronelab/Desktop/EI_drone/install/behavior_interface/share/behavior_interface/environment/ament_prefix_path.sh
[5.753s] -- Installing: /home/st5dronelab/Desktop/EI_drone/install/behavior_interface/share/behavior_interface/environment/ament_prefix_path.dsv
[5.753s] -- Installing: /home/st5dronelab/Desktop/EI_drone/install/behavior_interface/share/behavior_interface/environment/path.sh
[5.753s] -- Installing: /home/st5dronelab/Desktop/EI_drone/install/behavior_interface/share/behavior_interface/environment/path.dsv
[5.754s] -- Installing: /home/st5dronelab/Desktop/EI_drone/install/behavior_interface/share/behavior_interface/local_setup.bash
[5.754s] -- Installing: /home/st5dronelab/Desktop/EI_drone/install/behavior_interface/share/behavior_interface/local_setup.sh
[5.754s] -- Installing: /home/st5dronelab/Desktop/EI_drone/install/behavior_interface/share/behavior_interface/local_setup.zsh
[5.754s] -- Installing: /home/st5dronelab/Desktop/EI_drone/install/behavior_interface/share/behavior_interface/local_setup.dsv
[5.754s] -- Installing: /home/st5dronelab/Desktop/EI_drone/install/behavior_interface/share/behavior_interface/package.dsv
[5.754s] -- Installing: /home/st5dronelab/Desktop/EI_drone/install/behavior_interface/share/ament_index/resource_index/packages/behavior_interface
[5.755s] -- Installing: /home/st5dronelab/Desktop/EI_drone/install/behavior_interface/share/behavior_interface/cmake/export_behavior_interface__rosidl_generator_cExport.cmake
[5.755s] -- Installing: /home/st5dronelab/Desktop/EI_drone/install/behavior_interface/share/behavior_interface/cmake/export_behavior_interface__rosidl_generator_cExport-noconfig.cmake
[5.755s] -- Installing: /home/st5dronelab/Desktop/EI_drone/install/behavior_interface/share/behavior_interface/cmake/export_behavior_interface__rosidl_typesupport_fastrtps_cExport.cmake
[5.755s] -- Installing: /home/st5dronelab/Desktop/EI_drone/install/behavior_interface/share/behavior_interface/cmake/export_behavior_interface__rosidl_typesupport_fastrtps_cExport-noconfig.cmake
[5.755s] -- Installing: /home/st5dronelab/Desktop/EI_drone/install/behavior_interface/share/behavior_interface/cmake/behavior_interface__rosidl_typesupport_introspection_cExport.cmake
[5.755s] -- Installing: /home/st5dronelab/Desktop/EI_drone/install/behavior_interface/share/behavior_interface/cmake/behavior_interface__rosidl_typesupport_introspection_cExport-noconfig.cmake
[5.756s] -- Installing: /home/st5dronelab/Desktop/EI_drone/install/behavior_interface/share/behavior_interface/cmake/behavior_interface__rosidl_typesupport_cExport.cmake
[5.756s] -- Installing: /home/st5dronelab/Desktop/EI_drone/install/behavior_interface/share/behavior_interface/cmake/behavior_interface__rosidl_typesupport_cExport-noconfig.cmake
[5.756s] -- Installing: /home/st5dronelab/Desktop/EI_drone/install/behavior_interface/share/behavior_interface/cmake/export_behavior_interface__rosidl_generator_cppExport.cmake
[5.756s] -- Installing: /home/st5dronelab/Desktop/EI_drone/install/behavior_interface/share/behavior_interface/cmake/export_behavior_interface__rosidl_typesupport_fastrtps_cppExport.cmake
[5.756s] -- Installing: /home/st5dronelab/Desktop/EI_drone/install/behavior_interface/share/behavior_interface/cmake/export_behavior_interface__rosidl_typesupport_fastrtps_cppExport-noconfig.cmake
[5.756s] -- Installing: /home/st5dronelab/Desktop/EI_drone/install/behavior_interface/share/behavior_interface/cmake/behavior_interface__rosidl_typesupport_introspection_cppExport.cmake
[5.757s] -- Installing: /home/st5dronelab/Desktop/EI_drone/install/behavior_interface/share/behavior_interface/cmake/behavior_interface__rosidl_typesupport_introspection_cppExport-noconfig.cmake
[5.757s] -- Installing: /home/st5dronelab/Desktop/EI_drone/install/behavior_interface/share/behavior_interface/cmake/behavior_interface__rosidl_typesupport_cppExport.cmake
[5.757s] -- Installing: /home/st5dronelab/Desktop/EI_drone/install/behavior_interface/share/behavior_interface/cmake/behavior_interface__rosidl_typesupport_cppExport-noconfig.cmake
[5.757s] -- Installing: /home/st5dronelab/Desktop/EI_drone/install/behavior_interface/share/behavior_interface/cmake/export_behavior_interface__rosidl_generator_pyExport.cmake
[5.757s] -- Installing: /home/st5dronelab/Desktop/EI_drone/install/behavior_interface/share/behavior_interface/cmake/export_behavior_interface__rosidl_generator_pyExport-noconfig.cmake
[5.758s] -- Installing: /home/st5dronelab/Desktop/EI_drone/install/behavior_interface/share/behavior_interface/cmake/rosidl_cmake-extras.cmake
[5.758s] -- Installing: /home/st5dronelab/Desktop/EI_drone/install/behavior_interface/share/behavior_interface/cmake/ament_cmake_export_include_directories-extras.cmake
[5.758s] -- Installing: /home/st5dronelab/Desktop/EI_drone/install/behavior_interface/share/behavior_interface/cmake/ament_cmake_export_libraries-extras.cmake
[5.758s] -- Installing: /home/st5dronelab/Desktop/EI_drone/install/behavior_interface/share/behavior_interface/cmake/ament_cmake_export_targets-extras.cmake
[5.758s] -- Installing: /home/st5dronelab/Desktop/EI_drone/install/behavior_interface/share/behavior_interface/cmake/rosidl_cmake_export_typesupport_targets-extras.cmake
[5.758s] -- Installing: /home/st5dronelab/Desktop/EI_drone/install/behavior_interface/share/behavior_interface/cmake/ament_cmake_export_dependencies-extras.cmake
[5.758s] -- Installing: /home/st5dronelab/Desktop/EI_drone/install/behavior_interface/share/behavior_interface/cmake/rosidl_cmake_export_typesupport_libraries-extras.cmake
[5.758s] -- Installing: /home/st5dronelab/Desktop/EI_drone/install/behavior_interface/share/behavior_interface/cmake/behavior_interfaceConfig.cmake
[5.759s] -- Installing: /home/st5dronelab/Desktop/EI_drone/install/behavior_interface/share/behavior_interface/cmake/behavior_interfaceConfig-version.cmake
[5.759s] -- Installing: /home/st5dronelab/Desktop/EI_drone/install/behavior_interface/share/behavior_interface/package.xml
[5.762s] Invoked command in '/home/st5dronelab/Desktop/EI_drone/build/behavior_interface' returned '0': CMAKE_PREFIX_PATH=${CMAKE_PREFIX_PATH}:/home/st5dronelab/Desktop/Mars_workspace/install/visual_processing:/home/st5dronelab/Desktop/Mars_workspace/install/low_level_control:/home/st5dronelab/Desktop/Mars_workspace/install/behavior:/home/st5dronelab/ros2_ws/install/vanishing_turtlebot:/opt/ros/humble /usr/bin/cmake --install /home/st5dronelab/Desktop/EI_drone/build/behavior_interface
